移行元 URL[https://psclabo.backlog.jp]
移行元 アクセスキー[l9hcUDiwNRdkSIiSv9sE4Xsghghidc97cFzp95jLJub6T2RALRDku3J0cxmVayW0]
移行元 プロジェクトキー[DM_INT]
移行先 URL[https://psoc.backlog.com]
移行先 アクセスキー[c4Es67hf5ymyLdvgdarkxBre63CoWOY8fInBGwq3SaZa6aWGw959EiVErb5B2fwC]
移行先 プロジェクトキー[YK_TEST]
フィルター[]
移行元にアクセス可能かチェックしています...
移行先にアクセス可能かチェックしています...
移行元のプロジェクトを取得しています...
移行先のプロジェクトを取得しています...
プロジェクトに関連する情報を収集します。
(1/18) [          ]   5.6% Wikiを解析しています...
(2/18) [#         ]  11.1% Wikiを解析しています...
(3/18) [#         ]  16.7% Wikiを解析しています...
(4/18) [##        ]  22.2% Wikiを解析しています...
(5/18) [##        ]  27.8% Wikiを解析しています...
(6/18) [###       ]  33.3% Wikiを解析しています...
(7/18) [###       ]  38.9% Wikiを解析しています...
(8/18) [####      ]  44.4% Wikiを解析しています...
(9/18) [#####     ]  50.0% Wikiを解析しています...
(10/18) [#####     ]  55.6% Wikiを解析しています...
(11/18) [######    ]  61.1% Wikiを解析しています...
(12/18) [######    ]  66.7% Wikiを解析しています...
(13/18) [#######   ]  72.2% Wikiを解析しています...
(14/18) [#######   ]  77.8% Wikiを解析しています...
(15/18) [########  ]  83.3% Wikiを解析しています...
(16/18) [########  ]  88.9% Wikiを解析しています...
(17/18) [######### ]  94.4% Wikiを解析しています...
(18/18) [##########] 100.0% Wikiを解析しました。
(1/1) [##########] 100.0% 課題情報を収集しました。
(1/1) [##########] 100.0% 課題を解析しました。
プロジェクトに関連する情報の収集が完了しました。[m