Active code page: 65001

Backlog Migration 1.7.0 (c) nulab.inc
--------------------------------------------------[m
[34m--------------------------------------------------
移行元 URL[https://psclabo.backlog.jp]
移行元 アクセスキー[l9hcUDiwNRdkSIiSv9sE4Xsghghidc97cFzp95jLJub6T2RALRDku3J0cxmVayW0]
移行元 プロジェクトキー[DM_INT]
移行先 URL[https://psoc.backlog.com]
移行先 アクセスキー[c4Es67hf5ymyLdvgdarkxBre63CoWOY8fInBGwq3SaZa6aWGw959EiVErb5B2fwC]
移行先 プロジェクトキー[YK_TEST]
フィルター[]
インポートのみ実行[false]
課題キーを一致させる[false]
エラー時の再試行回数[3]
https.proxyHost[]
https.proxyPort[]
https.proxyUser[]
https.proxyPassword[]
--------------------------------------------------
[m
[33m
--------------------------------------------------
最新バージョン[1.6.0]がリリースされています。現在のバージョンは[1.7.0]です。
--------------------------------------------------
       [m
移行元にアクセス可能かチェックしています...
移行先にアクセス可能かチェックしています...
移行元のプロジェクトを取得しています...
移行先のプロジェクトを取得しています...
管理者権限の有無をチェックしています...
プロジェクト管理者権限の有無をチェックしています...
プロジェクト[YK_TEST]は移行先Backlogに既に存在します。
プロジェクト[YK_TEST]に課題とWikiをインポートしますか？（追加インポートの仕様については、マニュアルを参照ください) (y/n [n]):ユーザーのマッピングは次のようになります。
--------------------------------------------------
- PSC武井 => k-takei
- PSC松本 羽琉 => *31ypoyG56r
- PSC荒木真人 => *6XPmFicxB8
- PSC冨田真菜 => m-tomita
- PSC北添 => m-kitazoe
- PSC高梨 => *N09jfOqVRe
- PSC永倉 => *FXgFXpnyQ4
- PSC村松伽奈子 => *lQay5lAcdT
- PSC戸枝 => *jaEvEhbUGE
- PSC高橋 拓哉 => t-takahashi
- PSC仲本 => *NYygHqsINz
- PSC水谷隆一郎 => r-mizutani
- PSC峯村 => *JHWal9Lcd6
- PSC吉田 => yuk-yoshida
- PSC木村 => s-kimura
- PSC與倉 => *rqIoIiv2cn
- PSC佐藤 優孝 => m-sato
- PSC松本梨那 => *rupvQpHfCU
- PSC師井 => shu-moroi
- PSC北村 => *ReQ1YZFBle
- PSC劉 => *rfCRv6sYJv
- PSC関塚 => k-sekiduka
- PSC猪股洋一 => *vMC3qAitGZ
- PSC小林紗菜 => *ERfQKejxJa
--------------------------------------------------
[m
移行を実行しますか？ (y/n [n]):
エクスポートを開始します。
--------------------------------------------------[m

    (1/18) [          ]   5.6% Wikiをエクスポートしています...
    (2/18) [#         ]  11.1% Wikiをエクスポートしています...
    (3/18) [#         ]  16.7% Wikiをエクスポートしています...
    (4/18) [##        ]  22.2% Wikiをエクスポートしています...
    (5/18) [##        ]  27.8% Wikiをエクスポートしています...
    (6/18) [###       ]  33.3% Wikiをエクスポートしています...
    (7/18) [###       ]  38.9% Wikiをエクスポートしています...
    (8/18) [####      ]  44.4% Wikiをエクスポートしています...
    (9/18) [#####     ]  50.0% Wikiをエクスポートしています...
   (10/18) [#####     ]  55.6% Wikiをエクスポートしています...
   (11/18) [######    ]  61.1% Wikiをエクスポートしています...
   (12/18) [######    ]  66.7% Wikiをエクスポートしています...
   (13/18) [#######   ]  72.2% Wikiをエクスポートしています...
   (14/18) [#######   ]  77.8% Wikiをエクスポートしています...
   (15/18) [########  ]  83.3% Wikiをエクスポートしています...
   (16/18) [########  ]  88.9% Wikiをエクスポートしています...
   (17/18) [######### ]  94.4% Wikiをエクスポートしています...
   (18/18) [##########] 100.0% Wikiをエクスポートしました。

     (1/1) [##########] 100.0% 課題情報を収集しました。

     (1/1) [##########] 100.0% 課題をエクスポートしました。
[1m参加ユーザーをエクスポートしました。[m
 [1mカスタムフィールドをエクスポートしました。[m
 [1mバージョンをエクスポートしました。[m
 [1m課題種別をエクスポートしました。[m
 [1mカテゴリーをエクスポートしました。[m
 [1m状態をエクスポートしました。[m
--------------------------------------------------
エクスポートが完了しました。[m

コンバートを開始します。
--------------------------------------------------[m
 参加ユーザーをコンバートしました。

     (1/4) [##        ]  25.0% 課題をコンバートしています...
     (2/4) [#####     ]  50.0% 課題をコンバートしています...
     (3/4) [#######   ]  75.0% 課題をコンバートしています...
     (4/4) [##########] 100.0% 課題をコンバートしました。

    (1/18) [          ]   5.6% Wikiをコンバートしています...
    (2/18) [#         ]  11.1% Wikiをコンバートしています...
    (3/18) [#         ]  16.7% Wikiをコンバートしています...
    (4/18) [##        ]  22.2% Wikiをコンバートしています...
    (5/18) [##        ]  27.8% Wikiをコンバートしています...
    (6/18) [###       ]  33.3% Wikiをコンバートしています...
    (7/18) [###       ]  38.9% Wikiをコンバートしています...
    (8/18) [####      ]  44.4% Wikiをコンバートしています...
    (9/18) [#####     ]  50.0% Wikiをコンバートしています...
   (10/18) [#####     ]  55.6% Wikiをコンバートしています...
   (11/18) [######    ]  61.1% Wikiをコンバートしています...
   (12/18) [######    ]  66.7% Wikiをコンバートしています...
   (13/18) [#######   ]  72.2% Wikiをコンバートしています...
   (14/18) [#######   ]  77.8% Wikiをコンバートしています...
   (15/18) [########  ]  83.3% Wikiをコンバートしています...
   (16/18) [########  ]  88.9% Wikiをコンバートしています...
   (17/18) [######### ]  94.4% Wikiをコンバートしています...
   (18/18) [##########] 100.0% Wikiをコンバートしました。
 プロジェクトキーをコンバートしました。
--------------------------------------------------
コンバートが完了しました。[m

インポートを開始します。
--------------------------------------------------[m

    (1/43) [          ]   2.3% 参加ユーザーをインポートしています...
    (2/43) [          ]   4.7% 参加ユーザーをインポートしています...
    (3/43) [          ]   7.0% 参加ユーザーをインポートしています...
    (4/43) [          ]   9.3% 参加ユーザーをインポートしています...
    (5/43) [#         ]  11.6% 参加ユーザーをインポートしています...
    (6/43) [#         ]  14.0% 参加ユーザーをインポートしています...
    (7/43) [#         ]  16.3% 参加ユーザーをインポートしています...
    (8/43) [#         ]  18.6% 参加ユーザーをインポートしています...
    (9/43) [##        ]  20.9% 参加ユーザーをインポートしています...
   (10/43) [##        ]  23.3% 参加ユーザーをインポートしています...
   (11/43) [##        ]  25.6% 参加ユーザーをインポートしています...
   (12/43) [##        ]  27.9% 参加ユーザーをインポートしています...
   (13/43) [###       ]  30.2% 参加ユーザーをインポートしています...
   (14/43) [###       ]  32.6% 参加ユーザーをインポートしています...
   (15/43) [###       ]  34.9% 参加ユーザーをインポートしています...
   (16/43) [###       ]  37.2% 参加ユーザーをインポートしています...
   (17/43) [###       ]  39.5% 参加ユーザーをインポートしています...
   (18/43) [####      ]  41.9% 参加ユーザーをインポートしています...
   (19/43) [####      ]  44.2% 参加ユーザーをインポートしています...
   (20/43) [####      ]  46.5% 参加ユーザーをインポートしています...
   (21/43) [####      ]  48.8% 参加ユーザーをインポートしています...
   (22/43) [#####     ]  51.2% 参加ユーザーをインポートしています...
   (23/43) [#####     ]  53.5% 参加ユーザーをインポートしています...
   (24/43) [#####     ]  55.8% 参加ユーザーをインポートしています...
   (25/43) [#####     ]  58.1% 参加ユーザーをインポートしています...
   (26/43) [######    ]  60.5% 参加ユーザーをインポートしています...
   (27/43) [######    ]  62.8% 参加ユーザーをインポートしています...
   (28/43) [######    ]  65.1% 参加ユーザーをインポートしています...
   (29/43) [######    ]  67.4% 参加ユーザーをインポートしています...
   (30/43) [######    ]  69.8% 参加ユーザーをインポートしています...
   (31/43) [#######   ]  72.1% 参加ユーザーをインポートしています...
   (32/43) [#######   ]  74.4% 参加ユーザーをインポートしています...
   (33/43) [#######   ]  76.7% 参加ユーザーをインポートしています...
   (34/43) [#######   ]  79.1% 参加ユーザーをインポートしています...
   (35/43) [########  ]  81.4% 参加ユーザーをインポートしています...
   (36/43) [########  ]  83.7% 参加ユーザーをインポートしています...
   (37/43) [########  ]  86.0% 参加ユーザーをインポートしています...
   (38/43) [########  ]  88.4% 参加ユーザーをインポートしています...
   (39/43) [######### ]  90.7% 参加ユーザーをインポートしています...
   (40/43) [######### ]  93.0% 参加ユーザーをインポートしています...
   (41/43) [######### ]  95.3% 参加ユーザーをインポートしています...
   (42/43) [######### ]  97.7% 参加ユーザーをインポートしています...
   (43/43) [##########] 100.0% 参加ユーザーをインポートしました。

     (1/1) [##########] 100.0% Wikiをインポートしました。

      :[m

    (1/3) [###       ]  33.3% [成功] 2018/11/20の課題をインポートしています...
--------------------------------------------------
    (1/4) [##        ]  25.0%  進行状況...(1/4)[残り時間:07:12:55]
    (2/3) [######    ]  66.7% [成功] 2018/11/20の課題をインポートしています...
--------------------------------------------------
    (2/4) [#####     ]  50.0%  進行状況...(2/4)[残り時間:00:00:13]
    (3/3) [##########] 100.0% [成功] 2018/11/20の課題をインポートしました。
--------------------------------------------------
    (3/4) [#######   ]  75.0%  進行状況...(3/4)[残り時間:00:00:06]

    (1/1) [##########] 100.0% [成功] 2022/02/11の課題をインポートしました。
--------------------------------------------------
    (4/4) [##########] 100.0%  進行状況...(4/4)[残り時間:00:00:02]
[999D[1A[2K[999D[1A[2K--------------------------------------------------
インポートが完了しました。[m

移行が正常に完了しました。
Active code page: 65001

Backlog Migration 1.7.0 (c) nulab.inc
--------------------------------------------------[m
[34m--------------------------------------------------
移行元 URL[https://psclabo.backlog.jp]
移行元 アクセスキー[l9hcUDiwNRdkSIiSv9sE4Xsghghidc97cFzp95jLJub6T2RALRDku3J0cxmVayW0]
移行元 プロジェクトキー[DM_INT]
移行先 URL[https://psoc.backlog.com]
移行先 アクセスキー[c4Es67hf5ymyLdvgdarkxBre63CoWOY8fInBGwq3SaZa6aWGw959EiVErb5B2fwC]
移行先 プロジェクトキー[YK_TEST]
フィルター[]
インポートのみ実行[false]
課題キーを一致させる[false]
エラー時の再試行回数[3]
https.proxyHost[]
https.proxyPort[]
https.proxyUser[]
https.proxyPassword[]
--------------------------------------------------
[m
[33m
--------------------------------------------------
最新バージョン[1.6.0]がリリースされています。現在のバージョンは[1.7.0]です。
--------------------------------------------------
       [m
移行元にアクセス可能かチェックしています...
移行先にアクセス可能かチェックしています...
移行元のプロジェクトを取得しています...
移行先のプロジェクトを取得しています...
管理者権限の有無をチェックしています...
プロジェクト管理者権限の有無をチェックしています...
プロジェクト[YK_TEST]は移行先Backlogに既に存在します。
プロジェクト[YK_TEST]に課題とWikiをインポートしますか？（追加インポートの仕様については、マニュアルを参照ください) (y/n [n]):ユーザーのマッピングは次のようになります。
--------------------------------------------------
- PSC武井 => k-takei
- PSC松本 羽琉 => *31ypoyG56r
- PSC荒木真人 => *6XPmFicxB8
- PSC冨田真菜 => m-tomita
- PSC北添 => m-kitazoe
- PSC高梨 => *N09jfOqVRe
- PSC永倉 => *FXgFXpnyQ4
- PSC村松伽奈子 => *lQay5lAcdT
- PSC戸枝 => *jaEvEhbUGE
- PSC高橋 拓哉 => t-takahashi
- PSC仲本 => *NYygHqsINz
- PSC水谷隆一郎 => r-mizutani
- PSC峯村 => *JHWal9Lcd6
- PSC吉田 => yuk-yoshida
- PSC木村 => s-kimura
- PSC與倉 => *rqIoIiv2cn
- PSC佐藤 優孝 => m-sato
- PSC松本梨那 => *rupvQpHfCU
- PSC師井 => shu-moroi
- PSC北村 => *ReQ1YZFBle
- PSC劉 => *rfCRv6sYJv
- PSC関塚 => k-sekiduka
- PSC猪股洋一 => *vMC3qAitGZ
- PSC小林紗菜 => *ERfQKejxJa
--------------------------------------------------
[m
移行を実行しますか？ (y/n [n]):
エクスポートを開始します。
--------------------------------------------------[m

    (1/18) [          ]   5.6% Wikiをエクスポートしています...
    (2/18) [#         ]  11.1% Wikiをエクスポートしています...
    (3/18) [#         ]  16.7% Wikiをエクスポートしています...
    (4/18) [##        ]  22.2% Wikiをエクスポートしています...
    (5/18) [##        ]  27.8% Wikiをエクスポートしています...
    (6/18) [###       ]  33.3% Wikiをエクスポートしています...
    (7/18) [###       ]  38.9% Wikiをエクスポートしています...
    (8/18) [####      ]  44.4% Wikiをエクスポートしています...
    (9/18) [#####     ]  50.0% Wikiをエクスポートしています...
   (10/18) [#####     ]  55.6% Wikiをエクスポートしています...
   (11/18) [######    ]  61.1% Wikiをエクスポートしています...
   (12/18) [######    ]  66.7% Wikiをエクスポートしています...
   (13/18) [#######   ]  72.2% Wikiをエクスポートしています...
   (14/18) [#######   ]  77.8% Wikiをエクスポートしています...
   (15/18) [########  ]  83.3% Wikiをエクスポートしています...
   (16/18) [########  ]  88.9% Wikiをエクスポートしています...
   (17/18) [######### ]  94.4% Wikiをエクスポートしています...
   (18/18) [##########] 100.0% Wikiをエクスポートしました。

     (1/1) [##########] 100.0% 課題情報を収集しました。

     (1/1) [##########] 100.0% 課題をエクスポートしました。
[1m参加ユーザーをエクスポートしました。[m
 [1mカスタムフィールドをエクスポートしました。[m
 [1mバージョンをエクスポートしました。[m
 [1m課題種別をエクスポートしました。[m
 [1mカテゴリーをエクスポートしました。[m
 [1m状態をエクスポートしました。[m
--------------------------------------------------
エクスポートが完了しました。[m

コンバートを開始します。
--------------------------------------------------[m
 参加ユーザーをコンバートしました。

     (1/4) [##        ]  25.0% 課題をコンバートしています...
     (2/4) [#####     ]  50.0% 課題をコンバートしています...
     (3/4) [#######   ]  75.0% 課題をコンバートしています...
     (4/4) [##########] 100.0% 課題をコンバートしました。

    (1/18) [          ]   5.6% Wikiをコンバートしています...
    (2/18) [#         ]  11.1% Wikiをコンバートしています...
    (3/18) [#         ]  16.7% Wikiをコンバートしています...
    (4/18) [##        ]  22.2% Wikiをコンバートしています...
    (5/18) [##        ]  27.8% Wikiをコンバートしています...
    (6/18) [###       ]  33.3% Wikiをコンバートしています...
    (7/18) [###       ]  38.9% Wikiをコンバートしています...
    (8/18) [####      ]  44.4% Wikiをコンバートしています...
    (9/18) [#####     ]  50.0% Wikiをコンバートしています...
   (10/18) [#####     ]  55.6% Wikiをコンバートしています...
   (11/18) [######    ]  61.1% Wikiをコンバートしています...
   (12/18) [######    ]  66.7% Wikiをコンバートしています...
   (13/18) [#######   ]  72.2% Wikiをコンバートしています...
   (14/18) [#######   ]  77.8% Wikiをコンバートしています...
   (15/18) [########  ]  83.3% Wikiをコンバートしています...
   (16/18) [########  ]  88.9% Wikiをコンバートしています...
   (17/18) [######### ]  94.4% Wikiをコンバートしています...
   (18/18) [##########] 100.0% Wikiをコンバートしました。
 プロジェクトキーをコンバートしました。
--------------------------------------------------
コンバートが完了しました。[m

インポートを開始します。
--------------------------------------------------[m

    (1/43) [          ]   2.3% 参加ユーザーをインポートしています...
    (2/43) [          ]   4.7% 参加ユーザーをインポートしています...
    (3/43) [          ]   7.0% 参加ユーザーをインポートしています...
    (4/43) [          ]   9.3% 参加ユーザーをインポートしています...
    (5/43) [#         ]  11.6% 参加ユーザーをインポートしています...
    (6/43) [#         ]  14.0% 参加ユーザーをインポートしています...
    (7/43) [#         ]  16.3% 参加ユーザーをインポートしています...
    (8/43) [#         ]  18.6% 参加ユーザーをインポートしています...
    (9/43) [##        ]  20.9% 参加ユーザーをインポートしています...
   (10/43) [##        ]  23.3% 参加ユーザーをインポートしています...
   (11/43) [##        ]  25.6% 参加ユーザーをインポートしています...
   (12/43) [##        ]  27.9% 参加ユーザーをインポートしています...
   (13/43) [###       ]  30.2% 参加ユーザーをインポートしています...
   (14/43) [###       ]  32.6% 参加ユーザーをインポートしています...
   (15/43) [###       ]  34.9% 参加ユーザーをインポートしています...
   (16/43) [###       ]  37.2% 参加ユーザーをインポートしています...
   (17/43) [###       ]  39.5% 参加ユーザーをインポートしています...
   (18/43) [####      ]  41.9% 参加ユーザーをインポートしています...
   (19/43) [####      ]  44.2% 参加ユーザーをインポートしています...
   (20/43) [####      ]  46.5% 参加ユーザーをインポートしています...
   (21/43) [####      ]  48.8% 参加ユーザーをインポートしています...
   (22/43) [#####     ]  51.2% 参加ユーザーをインポートしています...
   (23/43) [#####     ]  53.5% 参加ユーザーをインポートしています...
   (24/43) [#####     ]  55.8% 参加ユーザーをインポートしています...
   (25/43) [#####     ]  58.1% 参加ユーザーをインポートしています...
   (26/43) [######    ]  60.5% 参加ユーザーをインポートしています...
   (27/43) [######    ]  62.8% 参加ユーザーをインポートしています...
   (28/43) [######    ]  65.1% 参加ユーザーをインポートしています...
   (29/43) [######    ]  67.4% 参加ユーザーをインポートしています...
   (30/43) [######    ]  69.8% 参加ユーザーをインポートしています...
   (31/43) [#######   ]  72.1% 参加ユーザーをインポートしています...
   (32/43) [#######   ]  74.4% 参加ユーザーをインポートしています...
   (33/43) [#######   ]  76.7% 参加ユーザーをインポートしています...
   (34/43) [#######   ]  79.1% 参加ユーザーをインポートしています...
   (35/43) [########  ]  81.4% 参加ユーザーをインポートしています...
   (36/43) [########  ]  83.7% 参加ユーザーをインポートしています...
   (37/43) [########  ]  86.0% 参加ユーザーをインポートしています...
   (38/43) [########  ]  88.4% 参加ユーザーをインポートしています...
   (39/43) [######### ]  90.7% 参加ユーザーをインポートしています...
   (40/43) [######### ]  93.0% 参加ユーザーをインポートしています...
   (41/43) [######### ]  95.3% 参加ユーザーをインポートしています...
   (42/43) [######### ]  97.7% 参加ユーザーをインポートしています...
   (43/43) [##########] 100.0% 参加ユーザーをインポートしました。

     (1/1) [##########] 100.0% Wikiをインポートしました。

      :[m

    (1/3) [###       ]  33.3% [成功] 2018/11/20の課題をインポートしています...
--------------------------------------------------
    (1/4) [##        ]  25.0%  進行状況...(1/4)[残り時間:07:12:55]
    (2/3) [######    ]  66.7% [成功] 2018/11/20の課題をインポートしています...
--------------------------------------------------
    (2/4) [#####     ]  50.0%  進行状況...(2/4)[残り時間:00:00:11]
    (3/3) [##########] 100.0% [成功] 2018/11/20の課題をインポートしました。
--------------------------------------------------
    (3/4) [#######   ]  75.0%  進行状況...(3/4)[残り時間:00:00:06]

    (1/1) [##########] 100.0% [成功] 2022/02/11の課題をインポートしました。
--------------------------------------------------
    (4/4) [##########] 100.0%  進行状況...(4/4)[残り時間:00:00:02]
[999D[1A[2K[999D[1A[2K--------------------------------------------------
インポートが完了しました。[m

移行が正常に完了しました。
Active code page: 65001

Backlog Migration 1.7.0 (c) nulab.inc
--------------------------------------------------[m
[34m--------------------------------------------------
移行元 URL[https://psclabo.backlog.jp]
移行元 アクセスキー[l9hcUDiwNRdkSIiSv9sE4Xsghghidc97cFzp95jLJub6T2RALRDku3J0cxmVayW0]
移行元 プロジェクトキー[DM_INT]
移行先 URL[https://psoc.backlog.com]
移行先 アクセスキー[c4Es67hf5ymyLdvgdarkxBre63CoWOY8fInBGwq3SaZa6aWGw959EiVErb5B2fwC]
移行先 プロジェクトキー[YK_TEST]
フィルター[]
インポートのみ実行[false]
課題キーを一致させる[false]
エラー時の再試行回数[3]
https.proxyHost[]
https.proxyPort[]
https.proxyUser[]
https.proxyPassword[]
--------------------------------------------------
[m
[33m
--------------------------------------------------
最新バージョン[1.6.0]がリリースされています。現在のバージョンは[1.7.0]です。
--------------------------------------------------
       [m
移行元にアクセス可能かチェックしています...
移行先にアクセス可能かチェックしています...
移行元のプロジェクトを取得しています...
移行先のプロジェクトを取得しています...
管理者権限の有無をチェックしています...
プロジェクト管理者権限の有無をチェックしています...
プロジェクト[YK_TEST]は移行先Backlogに既に存在します。
プロジェクト[YK_TEST]に課題とWikiをインポートしますか？（追加インポートの仕様については、マニュアルを参照ください) (y/n [n]):ユーザーのマッピングは次のようになります。
--------------------------------------------------
- PSC武井 => k-takei
- PSC松本 羽琉 => *31ypoyG56r
- PSC荒木真人 => *6XPmFicxB8
- PSC冨田真菜 => m-tomita
- PSC北添 => m-kitazoe
- PSC高梨 => *N09jfOqVRe
- PSC永倉 => *FXgFXpnyQ4
- PSC村松伽奈子 => *lQay5lAcdT
- PSC戸枝 => *jaEvEhbUGE
- PSC高橋 拓哉 => t-takahashi
- PSC仲本 => *NYygHqsINz
- PSC水谷隆一郎 => r-mizutani
- PSC峯村 => *JHWal9Lcd6
- PSC吉田 => yuk-yoshida
- PSC木村 => s-kimura
- PSC與倉 => *rqIoIiv2cn
- PSC佐藤 優孝 => m-sato
- PSC松本梨那 => *rupvQpHfCU
- PSC師井 => shu-moroi
- PSC北村 => *ReQ1YZFBle
- PSC劉 => *rfCRv6sYJv
- PSC関塚 => k-sekiduka
- PSC猪股洋一 => *vMC3qAitGZ
- PSC小林紗菜 => *ERfQKejxJa
--------------------------------------------------
[m
移行を実行しますか？ (y/n [n]):
エクスポートを開始します。
--------------------------------------------------[m

    (1/18) [          ]   5.6% Wikiをエクスポートしています...
    (2/18) [#         ]  11.1% Wikiをエクスポートしています...
    (3/18) [#         ]  16.7% Wikiをエクスポートしています...
    (4/18) [##        ]  22.2% Wikiをエクスポートしています...
    (5/18) [##        ]  27.8% Wikiをエクスポートしています...
    (6/18) [###       ]  33.3% Wikiをエクスポートしています...
    (7/18) [###       ]  38.9% Wikiをエクスポートしています...
    (8/18) [####      ]  44.4% Wikiをエクスポートしています...
    (9/18) [#####     ]  50.0% Wikiをエクスポートしています...
   (10/18) [#####     ]  55.6% Wikiをエクスポートしています...
   (11/18) [######    ]  61.1% Wikiをエクスポートしています...
   (12/18) [######    ]  66.7% Wikiをエクスポートしています...
   (13/18) [#######   ]  72.2% Wikiをエクスポートしています...
   (14/18) [#######   ]  77.8% Wikiをエクスポートしています...
   (15/18) [########  ]  83.3% Wikiをエクスポートしています...
   (16/18) [########  ]  88.9% Wikiをエクスポートしています...
   (17/18) [######### ]  94.4% Wikiをエクスポートしています...
   (18/18) [##########] 100.0% Wikiをエクスポートしました。

     (1/1) [##########] 100.0% 課題情報を収集しました。

     (1/1) [##########] 100.0% 課題をエクスポートしました。
[1m参加ユーザーをエクスポートしました。[m
 [1mカスタムフィールドをエクスポートしました。[m
 [1mバージョンをエクスポートしました。[m
 [1m課題種別をエクスポートしました。[m
 [1mカテゴリーをエクスポートしました。[m
 [1m状態をエクスポートしました。[m
--------------------------------------------------
エクスポートが完了しました。[m

コンバートを開始します。
--------------------------------------------------[m
 参加ユーザーをコンバートしました。

     (1/4) [##        ]  25.0% 課題をコンバートしています...
     (2/4) [#####     ]  50.0% 課題をコンバートしています...
     (3/4) [#######   ]  75.0% 課題をコンバートしています...
     (4/4) [##########] 100.0% 課題をコンバートしました。

    (1/18) [          ]   5.6% Wikiをコンバートしています...
    (2/18) [#         ]  11.1% Wikiをコンバートしています...
    (3/18) [#         ]  16.7% Wikiをコンバートしています...
    (4/18) [##        ]  22.2% Wikiをコンバートしています...
    (5/18) [##        ]  27.8% Wikiをコンバートしています...
    (6/18) [###       ]  33.3% Wikiをコンバートしています...
    (7/18) [###       ]  38.9% Wikiをコンバートしています...
    (8/18) [####      ]  44.4% Wikiをコンバートしています...
    (9/18) [#####     ]  50.0% Wikiをコンバートしています...
   (10/18) [#####     ]  55.6% Wikiをコンバートしています...
   (11/18) [######    ]  61.1% Wikiをコンバートしています...
   (12/18) [######    ]  66.7% Wikiをコンバートしています...
   (13/18) [#######   ]  72.2% Wikiをコンバートしています...
   (14/18) [#######   ]  77.8% Wikiをコンバートしています...
   (15/18) [########  ]  83.3% Wikiをコンバートしています...
   (16/18) [########  ]  88.9% Wikiをコンバートしています...
   (17/18) [######### ]  94.4% Wikiをコンバートしています...
   (18/18) [##########] 100.0% Wikiをコンバートしました。
 プロジェクトキーをコンバートしました。
--------------------------------------------------
コンバートが完了しました。[m

インポートを開始します。
--------------------------------------------------[m

    (1/43) [          ]   2.3% 参加ユーザーをインポートしています...
    (2/43) [          ]   4.7% 参加ユーザーをインポートしています...
    (3/43) [          ]   7.0% 参加ユーザーをインポートしています...
    (4/43) [          ]   9.3% 参加ユーザーをインポートしています...
    (5/43) [#         ]  11.6% 参加ユーザーをインポートしています...
    (6/43) [#         ]  14.0% 参加ユーザーをインポートしています...
    (7/43) [#         ]  16.3% 参加ユーザーをインポートしています...
    (8/43) [#         ]  18.6% 参加ユーザーをインポートしています...
    (9/43) [##        ]  20.9% 参加ユーザーをインポートしています...
   (10/43) [##        ]  23.3% 参加ユーザーをインポートしています...
   (11/43) [##        ]  25.6% 参加ユーザーをインポートしています...
   (12/43) [##        ]  27.9% 参加ユーザーをインポートしています...
   (13/43) [###       ]  30.2% 参加ユーザーをインポートしています...
   (14/43) [###       ]  32.6% 参加ユーザーをインポートしています...
   (15/43) [###       ]  34.9% 参加ユーザーをインポートしています...
   (16/43) [###       ]  37.2% 参加ユーザーをインポートしています...
   (17/43) [###       ]  39.5% 参加ユーザーをインポートしています...
   (18/43) [####      ]  41.9% 参加ユーザーをインポートしています...
   (19/43) [####      ]  44.2% 参加ユーザーをインポートしています...
   (20/43) [####      ]  46.5% 参加ユーザーをインポートしています...
   (21/43) [####      ]  48.8% 参加ユーザーをインポートしています...
   (22/43) [#####     ]  51.2% 参加ユーザーをインポートしています...
   (23/43) [#####     ]  53.5% 参加ユーザーをインポートしています...
   (24/43) [#####     ]  55.8% 参加ユーザーをインポートしています...
   (25/43) [#####     ]  58.1% 参加ユーザーをインポートしています...
   (26/43) [######    ]  60.5% 参加ユーザーをインポートしています...
   (27/43) [######    ]  62.8% 参加ユーザーをインポートしています...
   (28/43) [######    ]  65.1% 参加ユーザーをインポートしています...
   (29/43) [######    ]  67.4% 参加ユーザーをインポートしています...
   (30/43) [######    ]  69.8% 参加ユーザーをインポートしています...
   (31/43) [#######   ]  72.1% 参加ユーザーをインポートしています...
   (32/43) [#######   ]  74.4% 参加ユーザーをインポートしています...
   (33/43) [#######   ]  76.7% 参加ユーザーをインポートしています...
   (34/43) [#######   ]  79.1% 参加ユーザーをインポートしています...
   (35/43) [########  ]  81.4% 参加ユーザーをインポートしています...
   (36/43) [########  ]  83.7% 参加ユーザーをインポートしています...
   (37/43) [########  ]  86.0% 参加ユーザーをインポートしています...
   (38/43) [########  ]  88.4% 参加ユーザーをインポートしています...
   (39/43) [######### ]  90.7% 参加ユーザーをインポートしています...
   (40/43) [######### ]  93.0% 参加ユーザーをインポートしています...
   (41/43) [######### ]  95.3% 参加ユーザーをインポートしています...
   (42/43) [######### ]  97.7% 参加ユーザーをインポートしています...
   (43/43) [##########] 100.0% 参加ユーザーをインポートしました。

     (1/1) [##########] 100.0% Wikiをインポートしました。

      :[m

    (1/3) [###       ]  33.3% [成功] 2018/11/20の課題をインポートしています...
--------------------------------------------------
    (1/4) [##        ]  25.0%  進行状況...(1/4)[残り時間:07:12:55]
    (2/3) [######    ]  66.7% [成功] 2018/11/20の課題をインポートしています...
--------------------------------------------------
    (2/4) [#####     ]  50.0%  進行状況...(2/4)[残り時間:00:00:12]
    (3/3) [##########] 100.0% [成功] 2018/11/20の課題をインポートしました。
--------------------------------------------------
    (3/4) [#######   ]  75.0%  進行状況...(3/4)[残り時間:00:00:07]

    (1/1) [##########] 100.0% [成功] 2022/02/11の課題をインポートしました。
--------------------------------------------------
    (4/4) [##########] 100.0%  進行状況...(4/4)[残り時間:00:00:02]
[999D[1A[2K[999D[1A[2K--------------------------------------------------
インポートが完了しました。[m

移行が正常に完了しました。
Active code page: 65001

Backlog Migration 1.7.0 (c) nulab.inc
--------------------------------------------------[m
[34m--------------------------------------------------
移行元 URL[https://psclabo.backlog.jp]
移行元 アクセスキー[l9hcUDiwNRdkSIiSv9sE4Xsghghidc97cFzp95jLJub6T2RALRDku3J0cxmVayW0]
移行元 プロジェクトキー[DM_INT]
移行先 URL[https://psoc.backlog.com]
移行先 アクセスキー[c4Es67hf5ymyLdvgdarkxBre63CoWOY8fInBGwq3SaZa6aWGw959EiVErb5B2fwC]
移行先 プロジェクトキー[YK_TEST]
フィルター[]
インポートのみ実行[false]
課題キーを一致させる[false]
エラー時の再試行回数[3]
https.proxyHost[]
https.proxyPort[]
https.proxyUser[]
https.proxyPassword[]
--------------------------------------------------
[m
[33m
--------------------------------------------------
最新バージョン[1.6.0]がリリースされています。現在のバージョンは[1.7.0]です。
--------------------------------------------------
       [m
移行元にアクセス可能かチェックしています...
移行先にアクセス可能かチェックしています...
移行元のプロジェクトを取得しています...
移行先のプロジェクトを取得しています...
管理者権限の有無をチェックしています...
プロジェクト管理者権限の有無をチェックしています...
プロジェクト[YK_TEST]は移行先Backlogに既に存在します。
プロジェクト[YK_TEST]に課題とWikiをインポートしますか？（追加インポートの仕様については、マニュアルを参照ください) (y/n [n]):ユーザーのマッピングは次のようになります。
--------------------------------------------------
- PSC武井 => k-takei
- PSC松本 羽琉 => *31ypoyG56r
- PSC荒木真人 => *6XPmFicxB8
- PSC冨田真菜 => m-tomita
- PSC北添 => m-kitazoe
- PSC高梨 => *N09jfOqVRe
- PSC永倉 => *FXgFXpnyQ4
- PSC村松伽奈子 => *lQay5lAcdT
- PSC戸枝 => *jaEvEhbUGE
- PSC高橋 拓哉 => t-takahashi
- PSC仲本 => *NYygHqsINz
- PSC水谷隆一郎 => r-mizutani
- PSC峯村 => *JHWal9Lcd6
- PSC吉田 => yuk-yoshida
- PSC木村 => s-kimura
- PSC與倉 => *rqIoIiv2cn
- PSC佐藤 優孝 => m-sato
- PSC松本梨那 => *rupvQpHfCU
- PSC師井 => shu-moroi
- PSC北村 => *ReQ1YZFBle
- PSC劉 => *rfCRv6sYJv
- PSC関塚 => k-sekiduka
- PSC猪股洋一 => *vMC3qAitGZ
- PSC小林紗菜 => *ERfQKejxJa
--------------------------------------------------
[m
移行を実行しますか？ (y/n [n]):
エクスポートを開始します。
--------------------------------------------------[m

    (1/18) [          ]   5.6% Wikiをエクスポートしています...
    (2/18) [#         ]  11.1% Wikiをエクスポートしています...
    (3/18) [#         ]  16.7% Wikiをエクスポートしています...
    (4/18) [##        ]  22.2% Wikiをエクスポートしています...
    (5/18) [##        ]  27.8% Wikiをエクスポートしています...
    (6/18) [###       ]  33.3% Wikiをエクスポートしています...
    (7/18) [###       ]  38.9% Wikiをエクスポートしています...
    (8/18) [####      ]  44.4% Wikiをエクスポートしています...
    (9/18) [#####     ]  50.0% Wikiをエクスポートしています...
   (10/18) [#####     ]  55.6% Wikiをエクスポートしています...
   (11/18) [######    ]  61.1% Wikiをエクスポートしています...
   (12/18) [######    ]  66.7% Wikiをエクスポートしています...
   (13/18) [#######   ]  72.2% Wikiをエクスポートしています...
   (14/18) [#######   ]  77.8% Wikiをエクスポートしています...
   (15/18) [########  ]  83.3% Wikiをエクスポートしています...
   (16/18) [########  ]  88.9% Wikiをエクスポートしています...
   (17/18) [######### ]  94.4% Wikiをエクスポートしています...
   (18/18) [##########] 100.0% Wikiをエクスポートしました。

     (1/1) [##########] 100.0% 課題情報を収集しました。

     (1/1) [##########] 100.0% 課題をエクスポートしました。
[1m参加ユーザーをエクスポートしました。[m
 [1mカスタムフィールドをエクスポートしました。[m
 [1mバージョンをエクスポートしました。[m
 [1m課題種別をエクスポートしました。[m
 [1mカテゴリーをエクスポートしました。[m
 [1m状態をエクスポートしました。[m
--------------------------------------------------
エクスポートが完了しました。[m

コンバートを開始します。
--------------------------------------------------[m
 参加ユーザーをコンバートしました。

     (1/4) [##        ]  25.0% 課題をコンバートしています...
     (2/4) [#####     ]  50.0% 課題をコンバートしています...
     (3/4) [#######   ]  75.0% 課題をコンバートしています...
     (4/4) [##########] 100.0% 課題をコンバートしました。

    (1/18) [          ]   5.6% Wikiをコンバートしています...
    (2/18) [#         ]  11.1% Wikiをコンバートしています...
    (3/18) [#         ]  16.7% Wikiをコンバートしています...
    (4/18) [##        ]  22.2% Wikiをコンバートしています...
    (5/18) [##        ]  27.8% Wikiをコンバートしています...
    (6/18) [###       ]  33.3% Wikiをコンバートしています...
    (7/18) [###       ]  38.9% Wikiをコンバートしています...
    (8/18) [####      ]  44.4% Wikiをコンバートしています...
    (9/18) [#####     ]  50.0% Wikiをコンバートしています...
   (10/18) [#####     ]  55.6% Wikiをコンバートしています...
   (11/18) [######    ]  61.1% Wikiをコンバートしています...
   (12/18) [######    ]  66.7% Wikiをコンバートしています...
   (13/18) [#######   ]  72.2% Wikiをコンバートしています...
   (14/18) [#######   ]  77.8% Wikiをコンバートしています...
   (15/18) [########  ]  83.3% Wikiをコンバートしています...
   (16/18) [########  ]  88.9% Wikiをコンバートしています...
   (17/18) [######### ]  94.4% Wikiをコンバートしています...
   (18/18) [##########] 100.0% Wikiをコンバートしました。
 プロジェクトキーをコンバートしました。
--------------------------------------------------
コンバートが完了しました。[m

インポートを開始します。
--------------------------------------------------[m

    (1/43) [          ]   2.3% 参加ユーザーをインポートしています...
    (2/43) [          ]   4.7% 参加ユーザーをインポートしています...
    (3/43) [          ]   7.0% 参加ユーザーをインポートしています...
    (4/43) [          ]   9.3% 参加ユーザーをインポートしています...
    (5/43) [#         ]  11.6% 参加ユーザーをインポートしています...
    (6/43) [#         ]  14.0% 参加ユーザーをインポートしています...
    (7/43) [#         ]  16.3% 参加ユーザーをインポートしています...
    (8/43) [#         ]  18.6% 参加ユーザーをインポートしています...
    (9/43) [##        ]  20.9% 参加ユーザーをインポートしています...
   (10/43) [##        ]  23.3% 参加ユーザーをインポートしています...
   (11/43) [##        ]  25.6% 参加ユーザーをインポートしています...
   (12/43) [##        ]  27.9% 参加ユーザーをインポートしています...
   (13/43) [###       ]  30.2% 参加ユーザーをインポートしています...
   (14/43) [###       ]  32.6% 参加ユーザーをインポートしています...
   (15/43) [###       ]  34.9% 参加ユーザーをインポートしています...
   (16/43) [###       ]  37.2% 参加ユーザーをインポートしています...
   (17/43) [###       ]  39.5% 参加ユーザーをインポートしています...
   (18/43) [####      ]  41.9% 参加ユーザーをインポートしています...
   (19/43) [####      ]  44.2% 参加ユーザーをインポートしています...
   (20/43) [####      ]  46.5% 参加ユーザーをインポートしています...
   (21/43) [####      ]  48.8% 参加ユーザーをインポートしています...
   (22/43) [#####     ]  51.2% 参加ユーザーをインポートしています...
   (23/43) [#####     ]  53.5% 参加ユーザーをインポートしています...
   (24/43) [#####     ]  55.8% 参加ユーザーをインポートしています...
   (25/43) [#####     ]  58.1% 参加ユーザーをインポートしています...
   (26/43) [######    ]  60.5% 参加ユーザーをインポートしています...
   (27/43) [######    ]  62.8% 参加ユーザーをインポートしています...
   (28/43) [######    ]  65.1% 参加ユーザーをインポートしています...
   (29/43) [######    ]  67.4% 参加ユーザーをインポートしています...
   (30/43) [######    ]  69.8% 参加ユーザーをインポートしています...
   (31/43) [#######   ]  72.1% 参加ユーザーをインポートしています...
   (32/43) [#######   ]  74.4% 参加ユーザーをインポートしています...
   (33/43) [#######   ]  76.7% 参加ユーザーをインポートしています...
   (34/43) [#######   ]  79.1% 参加ユーザーをインポートしています...
   (35/43) [########  ]  81.4% 参加ユーザーをインポートしています...
   (36/43) [########  ]  83.7% 参加ユーザーをインポートしています...
   (37/43) [########  ]  86.0% 参加ユーザーをインポートしています...
   (38/43) [########  ]  88.4% 参加ユーザーをインポートしています...
   (39/43) [######### ]  90.7% 参加ユーザーをインポートしています...
   (40/43) [######### ]  93.0% 参加ユーザーをインポートしています...
   (41/43) [######### ]  95.3% 参加ユーザーをインポートしています...
   (42/43) [######### ]  97.7% 参加ユーザーをインポートしています...
   (43/43) [##########] 100.0% 参加ユーザーをインポートしました。

     (1/1) [##########] 100.0% Wikiをインポートしました。

      :[m

    (1/3) [###       ]  33.3% [成功] 2018/11/20の課題をインポートしています...
--------------------------------------------------
    (1/4) [##        ]  25.0%  進行状況...(1/4)[残り時間:07:12:55]
    (2/3) [######    ]  66.7% [成功] 2018/11/20の課題をインポートしています...
--------------------------------------------------
    (2/4) [#####     ]  50.0%  進行状況...(2/4)[残り時間:00:00:11]
    (3/3) [##########] 100.0% [成功] 2018/11/20の課題をインポートしました。
--------------------------------------------------
    (3/4) [#######   ]  75.0%  進行状況...(3/4)[残り時間:00:00:05]

    (1/1) [##########] 100.0% [成功] 2022/02/11の課題をインポートしました。
--------------------------------------------------
    (4/4) [##########] 100.0%  進行状況...(4/4)[残り時間:00:00:02]
[999D[1A[2K[999D[1A[2K--------------------------------------------------
インポートが完了しました。[m

移行が正常に完了しました。
Active code page: 65001

Backlog Migration 1.7.0 (c) nulab.inc
--------------------------------------------------[m
[34m--------------------------------------------------
移行元 URL[https://psclabo.backlog.jp]
移行元 アクセスキー[l9hcUDiwNRdkSIiSv9sE4Xsghghidc97cFzp95jLJub6T2RALRDku3J0cxmVayW0]
移行元 プロジェクトキー[DM_INT]
移行先 URL[https://psoc.backlog.com]
移行先 アクセスキー[c4Es67hf5ymyLdvgdarkxBre63CoWOY8fInBGwq3SaZa6aWGw959EiVErb5B2fwC]
移行先 プロジェクトキー[YK_TEST]
フィルター[]
インポートのみ実行[false]
課題キーを一致させる[false]
エラー時の再試行回数[3]
https.proxyHost[]
https.proxyPort[]
https.proxyUser[]
https.proxyPassword[]
--------------------------------------------------
[m
[33m
--------------------------------------------------
最新バージョン[1.6.0]がリリースされています。現在のバージョンは[1.7.0]です。
--------------------------------------------------
       [m
移行元にアクセス可能かチェックしています...
移行先にアクセス可能かチェックしています...
移行元のプロジェクトを取得しています...
移行先のプロジェクトを取得しています...
管理者権限の有無をチェックしています...
プロジェクト管理者権限の有無をチェックしています...
プロジェクト[YK_TEST]は移行先Backlogに既に存在します。
プロジェクト[YK_TEST]に課題とWikiをインポートしますか？（追加インポートの仕様については、マニュアルを参照ください) (y/n [n]):ユーザーのマッピングは次のようになります。
--------------------------------------------------
- PSC武井 => k-takei
- PSC松本 羽琉 => *31ypoyG56r
- PSC荒木真人 => *6XPmFicxB8
- PSC冨田真菜 => m-tomita
- PSC北添 => m-kitazoe
- PSC高梨 => *N09jfOqVRe
- PSC永倉 => *FXgFXpnyQ4
- PSC村松伽奈子 => *lQay5lAcdT
- PSC戸枝 => *jaEvEhbUGE
- PSC高橋 拓哉 => t-takahashi
- PSC仲本 => *NYygHqsINz
- PSC水谷隆一郎 => r-mizutani
- PSC峯村 => *JHWal9Lcd6
- PSC吉田 => yuk-yoshida
- PSC木村 => s-kimura
- PSC與倉 => *rqIoIiv2cn
- PSC佐藤 優孝 => m-sato
- PSC松本梨那 => *rupvQpHfCU
- PSC師井 => shu-moroi
- PSC北村 => *ReQ1YZFBle
- PSC劉 => *rfCRv6sYJv
- PSC関塚 => k-sekiduka
- PSC猪股洋一 => *vMC3qAitGZ
- PSC小林紗菜 => *ERfQKejxJa
--------------------------------------------------
[m
移行を実行しますか？ (y/n [n]):
エクスポートを開始します。
--------------------------------------------------[m

    (1/18) [          ]   5.6% Wikiをエクスポートしています...
    (2/18) [#         ]  11.1% Wikiをエクスポートしています...
    (3/18) [#         ]  16.7% Wikiをエクスポートしています...
    (4/18) [##        ]  22.2% Wikiをエクスポートしています...
    (5/18) [##        ]  27.8% Wikiをエクスポートしています...
    (6/18) [###       ]  33.3% Wikiをエクスポートしています...
    (7/18) [###       ]  38.9% Wikiをエクスポートしています...
    (8/18) [####      ]  44.4% Wikiをエクスポートしています...
    (9/18) [#####     ]  50.0% Wikiをエクスポートしています...
   (10/18) [#####     ]  55.6% Wikiをエクスポートしています...
   (11/18) [######    ]  61.1% Wikiをエクスポートしています...
   (12/18) [######    ]  66.7% Wikiをエクスポートしています...
   (13/18) [#######   ]  72.2% Wikiをエクスポートしています...
   (14/18) [#######   ]  77.8% Wikiをエクスポートしています...
   (15/18) [########  ]  83.3% Wikiをエクスポートしています...
   (16/18) [########  ]  88.9% Wikiをエクスポートしています...
   (17/18) [######### ]  94.4% Wikiをエクスポートしています...
   (18/18) [##########] 100.0% Wikiをエクスポートしました。

     (1/1) [##########] 100.0% 課題情報を収集しました。

     (1/1) [##########] 100.0% 課題をエクスポートしました。
[1m参加ユーザーをエクスポートしました。[m
 [1mカスタムフィールドをエクスポートしました。[m
 [1mバージョンをエクスポートしました。[m
 [1m課題種別をエクスポートしました。[m
 [1mカテゴリーをエクスポートしました。[m
 [1m状態をエクスポートしました。[m
--------------------------------------------------
エクスポートが完了しました。[m

コンバートを開始します。
--------------------------------------------------[m
 参加ユーザーをコンバートしました。

     (1/4) [##        ]  25.0% 課題をコンバートしています...
     (2/4) [#####     ]  50.0% 課題をコンバートしています...
     (3/4) [#######   ]  75.0% 課題をコンバートしています...
     (4/4) [##########] 100.0% 課題をコンバートしました。

    (1/18) [          ]   5.6% Wikiをコンバートしています...
    (2/18) [#         ]  11.1% Wikiをコンバートしています...
    (3/18) [#         ]  16.7% Wikiをコンバートしています...
    (4/18) [##        ]  22.2% Wikiをコンバートしています...
    (5/18) [##        ]  27.8% Wikiをコンバートしています...
    (6/18) [###       ]  33.3% Wikiをコンバートしています...
    (7/18) [###       ]  38.9% Wikiをコンバートしています...
    (8/18) [####      ]  44.4% Wikiをコンバートしています...
    (9/18) [#####     ]  50.0% Wikiをコンバートしています...
   (10/18) [#####     ]  55.6% Wikiをコンバートしています...
   (11/18) [######    ]  61.1% Wikiをコンバートしています...
   (12/18) [######    ]  66.7% Wikiをコンバートしています...
   (13/18) [#######   ]  72.2% Wikiをコンバートしています...
   (14/18) [#######   ]  77.8% Wikiをコンバートしています...
   (15/18) [########  ]  83.3% Wikiをコンバートしています...
   (16/18) [########  ]  88.9% Wikiをコンバートしています...
   (17/18) [######### ]  94.4% Wikiをコンバートしています...
   (18/18) [##########] 100.0% Wikiをコンバートしました。
 プロジェクトキーをコンバートしました。
--------------------------------------------------
コンバートが完了しました。[m

インポートを開始します。
--------------------------------------------------[m

    (1/43) [          ]   2.3% 参加ユーザーをインポートしています...
    (2/43) [          ]   4.7% 参加ユーザーをインポートしています...
    (3/43) [          ]   7.0% 参加ユーザーをインポートしています...
    (4/43) [          ]   9.3% 参加ユーザーをインポートしています...
    (5/43) [#         ]  11.6% 参加ユーザーをインポートしています...
    (6/43) [#         ]  14.0% 参加ユーザーをインポートしています...
    (7/43) [#         ]  16.3% 参加ユーザーをインポートしています...
    (8/43) [#         ]  18.6% 参加ユーザーをインポートしています...
    (9/43) [##        ]  20.9% 参加ユーザーをインポートしています...
   (10/43) [##        ]  23.3% 参加ユーザーをインポートしています...
   (11/43) [##        ]  25.6% 参加ユーザーをインポートしています...
   (12/43) [##        ]  27.9% 参加ユーザーをインポートしています...
   (13/43) [###       ]  30.2% 参加ユーザーをインポートしています...
   (14/43) [###       ]  32.6% 参加ユーザーをインポートしています...
   (15/43) [###       ]  34.9% 参加ユーザーをインポートしています...
   (16/43) [###       ]  37.2% 参加ユーザーをインポートしています...
   (17/43) [###       ]  39.5% 参加ユーザーをインポートしています...
   (18/43) [####      ]  41.9% 参加ユーザーをインポートしています...
   (19/43) [####      ]  44.2% 参加ユーザーをインポートしています...
   (20/43) [####      ]  46.5% 参加ユーザーをインポートしています...
   (21/43) [####      ]  48.8% 参加ユーザーをインポートしています...
   (22/43) [#####     ]  51.2% 参加ユーザーをインポートしています...
   (23/43) [#####     ]  53.5% 参加ユーザーをインポートしています...
   (24/43) [#####     ]  55.8% 参加ユーザーをインポートしています...
   (25/43) [#####     ]  58.1% 参加ユーザーをインポートしています...
   (26/43) [######    ]  60.5% 参加ユーザーをインポートしています...
   (27/43) [######    ]  62.8% 参加ユーザーをインポートしています...
   (28/43) [######    ]  65.1% 参加ユーザーをインポートしています...
   (29/43) [######    ]  67.4% 参加ユーザーをインポートしています...
   (30/43) [######    ]  69.8% 参加ユーザーをインポートしています...
   (31/43) [#######   ]  72.1% 参加ユーザーをインポートしています...
   (32/43) [#######   ]  74.4% 参加ユーザーをインポートしています...
   (33/43) [#######   ]  76.7% 参加ユーザーをインポートしています...
   (34/43) [#######   ]  79.1% 参加ユーザーをインポートしています...
   (35/43) [########  ]  81.4% 参加ユーザーをインポートしています...
   (36/43) [########  ]  83.7% 参加ユーザーをインポートしています...
   (37/43) [########  ]  86.0% 参加ユーザーをインポートしています...
   (38/43) [########  ]  88.4% 参加ユーザーをインポートしています...
   (39/43) [######### ]  90.7% 参加ユーザーをインポートしています...
   (40/43) [######### ]  93.0% 参加ユーザーをインポートしています...
   (41/43) [######### ]  95.3% 参加ユーザーをインポートしています...
   (42/43) [######### ]  97.7% 参加ユーザーをインポートしています...
   (43/43) [##########] 100.0% 参加ユーザーをインポートしました。

     (1/1) [##########] 100.0% Wikiをインポートしました。

      :[m

    (1/3) [###       ]  33.3% [成功] 2018/11/20の課題をインポートしています...
--------------------------------------------------
    (1/4) [##        ]  25.0%  進行状況...(1/4)[残り時間:07:12:55]
    (2/3) [######    ]  66.7% [成功] 2018/11/20の課題をインポートしています...
--------------------------------------------------
    (2/4) [#####     ]  50.0%  進行状況...(2/4)[残り時間:00:00:12]
    (3/3) [##########] 100.0% [成功] 2018/11/20の課題をインポートしました。
--------------------------------------------------
    (3/4) [#######   ]  75.0%  進行状況...(3/4)[残り時間:00:00:07]

    (1/1) [##########] 100.0% [成功] 2022/02/11の課題をインポートしました。
--------------------------------------------------
    (4/4) [##########] 100.0%  進行状況...(4/4)[残り時間:00:00:02]
[999D[1A[2K[999D[1A[2K--------------------------------------------------
インポートが完了しました。[m

移行が正常に完了しました。
Active code page: 65001

Backlog Migration 1.7.0 (c) nulab.inc
--------------------------------------------------[m
[34m--------------------------------------------------
移行元 URL[https://psclabo.backlog.jp]
移行元 アクセスキー[l9hcUDiwNRdkSIiSv9sE4Xsghghidc97cFzp95jLJub6T2RALRDku3J0cxmVayW0]
移行元 プロジェクトキー[DM_INT]
移行先 URL[https://psoc.backlog.com]
移行先 アクセスキー[c4Es67hf5ymyLdvgdarkxBre63CoWOY8fInBGwq3SaZa6aWGw959EiVErb5B2fwC]
移行先 プロジェクトキー[YK_TEST]
フィルター[]
インポートのみ実行[false]
課題キーを一致させる[false]
エラー時の再試行回数[3]
https.proxyHost[]
https.proxyPort[]
https.proxyUser[]
https.proxyPassword[]
--------------------------------------------------
[m
[33m
--------------------------------------------------
最新バージョン[1.6.0]がリリースされています。現在のバージョンは[1.7.0]です。
--------------------------------------------------
       [m
移行元にアクセス可能かチェックしています...
移行先にアクセス可能かチェックしています...
移行元のプロジェクトを取得しています...
移行先のプロジェクトを取得しています...
管理者権限の有無をチェックしています...
プロジェクト管理者権限の有無をチェックしています...
プロジェクト[YK_TEST]は移行先Backlogに既に存在します。
プロジェクト[YK_TEST]に課題とWikiをインポートしますか？（追加インポートの仕様については、マニュアルを参照ください) (y/n [n]):ユーザーのマッピングは次のようになります。
--------------------------------------------------
- PSC武井 => k-takei
- PSC松本 羽琉 => *31ypoyG56r
- PSC荒木真人 => *6XPmFicxB8
- PSC冨田真菜 => m-tomita
- PSC北添 => m-kitazoe
- PSC高梨 => *N09jfOqVRe
- PSC永倉 => *FXgFXpnyQ4
- PSC村松伽奈子 => *lQay5lAcdT
- PSC戸枝 => *jaEvEhbUGE
- PSC高橋 拓哉 => t-takahashi
- PSC仲本 => *NYygHqsINz
- PSC水谷隆一郎 => r-mizutani
- PSC峯村 => *JHWal9Lcd6
- PSC吉田 => yuk-yoshida
- PSC木村 => s-kimura
- PSC與倉 => *rqIoIiv2cn
- PSC佐藤 優孝 => m-sato
- PSC松本梨那 => *rupvQpHfCU
- PSC師井 => shu-moroi
- PSC北村 => *ReQ1YZFBle
- PSC劉 => *rfCRv6sYJv
- PSC関塚 => k-sekiduka
- PSC猪股洋一 => *vMC3qAitGZ
- PSC小林紗菜 => *ERfQKejxJa
--------------------------------------------------
[m
移行を実行しますか？ (y/n [n]):
エクスポートを開始します。
--------------------------------------------------[m

    (1/18) [          ]   5.6% Wikiをエクスポートしています...
    (2/18) [#         ]  11.1% Wikiをエクスポートしています...
    (3/18) [#         ]  16.7% Wikiをエクスポートしています...
    (4/18) [##        ]  22.2% Wikiをエクスポートしています...
    (5/18) [##        ]  27.8% Wikiをエクスポートしています...
    (6/18) [###       ]  33.3% Wikiをエクスポートしています...
    (7/18) [###       ]  38.9% Wikiをエクスポートしています...
    (8/18) [####      ]  44.4% Wikiをエクスポートしています...
    (9/18) [#####     ]  50.0% Wikiをエクスポートしています...
   (10/18) [#####     ]  55.6% Wikiをエクスポートしています...
   (11/18) [######    ]  61.1% Wikiをエクスポートしています...
   (12/18) [######    ]  66.7% Wikiをエクスポートしています...
   (13/18) [#######   ]  72.2% Wikiをエクスポートしています...
   (14/18) [#######   ]  77.8% Wikiをエクスポートしています...
   (15/18) [########  ]  83.3% Wikiをエクスポートしています...
   (16/18) [########  ]  88.9% Wikiをエクスポートしています...
   (17/18) [######### ]  94.4% Wikiをエクスポートしています...
   (18/18) [##########] 100.0% Wikiをエクスポートしました。

     (1/1) [##########] 100.0% 課題情報を収集しました。

     (1/1) [##########] 100.0% 課題をエクスポートしました。
[1m参加ユーザーをエクスポートしました。[m
 [1mカスタムフィールドをエクスポートしました。[m
 [1mバージョンをエクスポートしました。[m
 [1m課題種別をエクスポートしました。[m
 [1mカテゴリーをエクスポートしました。[m
 [1m状態をエクスポートしました。[m
--------------------------------------------------
エクスポートが完了しました。[m

コンバートを開始します。
--------------------------------------------------[m
 参加ユーザーをコンバートしました。

     (1/4) [##        ]  25.0% 課題をコンバートしています...
     (2/4) [#####     ]  50.0% 課題をコンバートしています...
     (3/4) [#######   ]  75.0% 課題をコンバートしています...
     (4/4) [##########] 100.0% 課題をコンバートしました。

    (1/18) [          ]   5.6% Wikiをコンバートしています...
    (2/18) [#         ]  11.1% Wikiをコンバートしています...
    (3/18) [#         ]  16.7% Wikiをコンバートしています...
    (4/18) [##        ]  22.2% Wikiをコンバートしています...
    (5/18) [##        ]  27.8% Wikiをコンバートしています...
    (6/18) [###       ]  33.3% Wikiをコンバートしています...
    (7/18) [###       ]  38.9% Wikiをコンバートしています...
    (8/18) [####      ]  44.4% Wikiをコンバートしています...
    (9/18) [#####     ]  50.0% Wikiをコンバートしています...
   (10/18) [#####     ]  55.6% Wikiをコンバートしています...
   (11/18) [######    ]  61.1% Wikiをコンバートしています...
   (12/18) [######    ]  66.7% Wikiをコンバートしています...
   (13/18) [#######   ]  72.2% Wikiをコンバートしています...
   (14/18) [#######   ]  77.8% Wikiをコンバートしています...
   (15/18) [########  ]  83.3% Wikiをコンバートしています...
   (16/18) [########  ]  88.9% Wikiをコンバートしています...
   (17/18) [######### ]  94.4% Wikiをコンバートしています...
   (18/18) [##########] 100.0% Wikiをコンバートしました。
 プロジェクトキーをコンバートしました。
--------------------------------------------------
コンバートが完了しました。[m

インポートを開始します。
--------------------------------------------------[m

    (1/43) [          ]   2.3% 参加ユーザーをインポートしています...
    (2/43) [          ]   4.7% 参加ユーザーをインポートしています...
    (3/43) [          ]   7.0% 参加ユーザーをインポートしています...
    (4/43) [          ]   9.3% 参加ユーザーをインポートしています...
    (5/43) [#         ]  11.6% 参加ユーザーをインポートしています...
    (6/43) [#         ]  14.0% 参加ユーザーをインポートしています...
    (7/43) [#         ]  16.3% 参加ユーザーをインポートしています...
    (8/43) [#         ]  18.6% 参加ユーザーをインポートしています...
    (9/43) [##        ]  20.9% 参加ユーザーをインポートしています...
   (10/43) [##        ]  23.3% 参加ユーザーをインポートしています...
   (11/43) [##        ]  25.6% 参加ユーザーをインポートしています...
   (12/43) [##        ]  27.9% 参加ユーザーをインポートしています...
   (13/43) [###       ]  30.2% 参加ユーザーをインポートしています...
   (14/43) [###       ]  32.6% 参加ユーザーをインポートしています...
   (15/43) [###       ]  34.9% 参加ユーザーをインポートしています...
   (16/43) [###       ]  37.2% 参加ユーザーをインポートしています...
   (17/43) [###       ]  39.5% 参加ユーザーをインポートしています...
   (18/43) [####      ]  41.9% 参加ユーザーをインポートしています...
   (19/43) [####      ]  44.2% 参加ユーザーをインポートしています...
   (20/43) [####      ]  46.5% 参加ユーザーをインポートしています...
   (21/43) [####      ]  48.8% 参加ユーザーをインポートしています...
   (22/43) [#####     ]  51.2% 参加ユーザーをインポートしています...
   (23/43) [#####     ]  53.5% 参加ユーザーをインポートしています...
   (24/43) [#####     ]  55.8% 参加ユーザーをインポートしています...
   (25/43) [#####     ]  58.1% 参加ユーザーをインポートしています...
   (26/43) [######    ]  60.5% 参加ユーザーをインポートしています...
   (27/43) [######    ]  62.8% 参加ユーザーをインポートしています...
   (28/43) [######    ]  65.1% 参加ユーザーをインポートしています...
   (29/43) [######    ]  67.4% 参加ユーザーをインポートしています...
   (30/43) [######    ]  69.8% 参加ユーザーをインポートしています...
   (31/43) [#######   ]  72.1% 参加ユーザーをインポートしています...
   (32/43) [#######   ]  74.4% 参加ユーザーをインポートしています...
   (33/43) [#######   ]  76.7% 参加ユーザーをインポートしています...
   (34/43) [#######   ]  79.1% 参加ユーザーをインポートしています...
   (35/43) [########  ]  81.4% 参加ユーザーをインポートしています...
   (36/43) [########  ]  83.7% 参加ユーザーをインポートしています...
   (37/43) [########  ]  86.0% 参加ユーザーをインポートしています...
   (38/43) [########  ]  88.4% 参加ユーザーをインポートしています...
   (39/43) [######### ]  90.7% 参加ユーザーをインポートしています...
   (40/43) [######### ]  93.0% 参加ユーザーをインポートしています...
   (41/43) [######### ]  95.3% 参加ユーザーをインポートしています...
   (42/43) [######### ]  97.7% 参加ユーザーをインポートしています...
   (43/43) [##########] 100.0% 参加ユーザーをインポートしました。

     (1/1) [##########] 100.0% Wikiをインポートしました。

      :[m

    (1/3) [###       ]  33.3% [成功] 2018/11/20の課題をインポートしています...
--------------------------------------------------
    (1/4) [##        ]  25.0%  進行状況...(1/4)[残り時間:07:12:55]
    (2/3) [######    ]  66.7% [成功] 2018/11/20の課題をインポートしています...
--------------------------------------------------
    (2/4) [#####     ]  50.0%  進行状況...(2/4)[残り時間:00:00:11]
    (3/3) [##########] 100.0% [成功] 2018/11/20の課題をインポートしました。
--------------------------------------------------
    (3/4) [#######   ]  75.0%  進行状況...(3/4)[残り時間:00:00:05]

    (1/1) [##########] 100.0% [成功] 2022/02/11の課題をインポートしました。
--------------------------------------------------
    (4/4) [##########] 100.0%  進行状況...(4/4)[残り時間:00:00:02]
[999D[1A[2K[999D[1A[2K--------------------------------------------------
インポートが完了しました。[m

移行が正常に完了しました。
Active code page: 65001

Backlog Migration 1.7.0 (c) nulab.inc
--------------------------------------------------[m
[34m--------------------------------------------------
移行元 URL[https://psclabo.backlog.jp]
移行元 アクセスキー[l9hcUDiwNRdkSIiSv9sE4Xsghghidc97cFzp95jLJub6T2RALRDku3J0cxmVayW0]
移行元 プロジェクトキー[DM_INT]
移行先 URL[https://psoc.backlog.com]
移行先 アクセスキー[c4Es67hf5ymyLdvgdarkxBre63CoWOY8fInBGwq3SaZa6aWGw959EiVErb5B2fwC]
移行先 プロジェクトキー[YK_TEST]
フィルター[]
インポートのみ実行[false]
課題キーを一致させる[false]
エラー時の再試行回数[3]
https.proxyHost[]
https.proxyPort[]
https.proxyUser[]
https.proxyPassword[]
--------------------------------------------------
[m
[33m
--------------------------------------------------
最新バージョン[1.6.0]がリリースされています。現在のバージョンは[1.7.0]です。
--------------------------------------------------
       [m
移行元にアクセス可能かチェックしています...
移行先にアクセス可能かチェックしています...
移行元のプロジェクトを取得しています...
移行先のプロジェクトを取得しています...
管理者権限の有無をチェックしています...
プロジェクト管理者権限の有無をチェックしています...
プロジェクト[YK_TEST]は移行先Backlogに既に存在します。
プロジェクト[YK_TEST]に課題とWikiをインポートしますか？（追加インポートの仕様については、マニュアルを参照ください) (y/n [n]):ユーザーのマッピングは次のようになります。
--------------------------------------------------
- PSC武井 => k-takei
- PSC松本 羽琉 => *31ypoyG56r
- PSC荒木真人 => *6XPmFicxB8
- PSC冨田真菜 => m-tomita
- PSC北添 => m-kitazoe
- PSC高梨 => *BjcktOIviF
- PSC永倉 => k-nagakura
- PSC村松伽奈子 => k-muramatsu
- PSC戸枝 => h-toeda
- PSC高橋 拓哉 => t-takahashi
- PSC仲本 => *8bfdoV8eAu
- PSC水谷隆一郎 => r-mizutani
- PSC峯村 => j-minemura
- PSC吉田 => yuk-yoshida
- PSC木村 => s-kimura
- PSC與倉 => *rqIoIiv2cn
- PSC佐藤 優孝 => m-sato
- PSC松本梨那 => r-matsumoto
- PSC師井 => shu-moroi
- PSC北村 => *RE1O7lBtqn
- PSC劉 => ji-liu
- PSC関塚 => k-sekiduka
- PSC猪股洋一 => y-inomata
- PSC小林紗菜 => su-kobayashi
--------------------------------------------------
[m
移行を実行しますか？ (y/n [n]):
エクスポートを開始します。
--------------------------------------------------[m

    (1/18) [          ]   5.6% Wikiをエクスポートしています...
    (2/18) [#         ]  11.1% Wikiをエクスポートしています...
    (3/18) [#         ]  16.7% Wikiをエクスポートしています...
    (4/18) [##        ]  22.2% Wikiをエクスポートしています...
    (5/18) [##        ]  27.8% Wikiをエクスポートしています...
    (6/18) [###       ]  33.3% Wikiをエクスポートしています...
    (7/18) [###       ]  38.9% Wikiをエクスポートしています...
    (8/18) [####      ]  44.4% Wikiをエクスポートしています...
    (9/18) [#####     ]  50.0% Wikiをエクスポートしています...
   (10/18) [#####     ]  55.6% Wikiをエクスポートしています...
   (11/18) [######    ]  61.1% Wikiをエクスポートしています...
   (12/18) [######    ]  66.7% Wikiをエクスポートしています...
   (13/18) [#######   ]  72.2% Wikiをエクスポートしています...
   (14/18) [#######   ]  77.8% Wikiをエクスポートしています...
   (15/18) [########  ]  83.3% Wikiをエクスポートしています...
   (16/18) [########  ]  88.9% Wikiをエクスポートしています...
   (17/18) [######### ]  94.4% Wikiをエクスポートしています...
   (18/18) [##########] 100.0% Wikiをエクスポートしました。

     (1/1) [##########] 100.0% 課題情報を収集しました。

     (1/1) [##########] 100.0% 課題をエクスポートしました。
[1m参加ユーザーをエクスポートしました。[m
 [1mカスタムフィールドをエクスポートしました。[m
 [1mバージョンをエクスポートしました。[m
 [1m課題種別をエクスポートしました。[m
 [1mカテゴリーをエクスポートしました。[m
 [1m状態をエクスポートしました。[m
--------------------------------------------------
エクスポートが完了しました。[m

コンバートを開始します。
--------------------------------------------------[m
 参加ユーザーをコンバートしました。

     (1/4) [##        ]  25.0% 課題をコンバートしています...
     (2/4) [#####     ]  50.0% 課題をコンバートしています...
     (3/4) [#######   ]  75.0% 課題をコンバートしています...
     (4/4) [##########] 100.0% 課題をコンバートしました。

    (1/18) [          ]   5.6% Wikiをコンバートしています...
    (2/18) [#         ]  11.1% Wikiをコンバートしています...
    (3/18) [#         ]  16.7% Wikiをコンバートしています...
    (4/18) [##        ]  22.2% Wikiをコンバートしています...
    (5/18) [##        ]  27.8% Wikiをコンバートしています...
    (6/18) [###       ]  33.3% Wikiをコンバートしています...
    (7/18) [###       ]  38.9% Wikiをコンバートしています...
    (8/18) [####      ]  44.4% Wikiをコンバートしています...
    (9/18) [#####     ]  50.0% Wikiをコンバートしています...
   (10/18) [#####     ]  55.6% Wikiをコンバートしています...
   (11/18) [######    ]  61.1% Wikiをコンバートしています...
   (12/18) [######    ]  66.7% Wikiをコンバートしています...
   (13/18) [#######   ]  72.2% Wikiをコンバートしています...
   (14/18) [#######   ]  77.8% Wikiをコンバートしています...
   (15/18) [########  ]  83.3% Wikiをコンバートしています...
   (16/18) [########  ]  88.9% Wikiをコンバートしています...
   (17/18) [######### ]  94.4% Wikiをコンバートしています...
   (18/18) [##########] 100.0% Wikiをコンバートしました。
 プロジェクトキーをコンバートしました。
--------------------------------------------------
コンバートが完了しました。[m

インポートを開始します。
--------------------------------------------------[m

    (1/43) [          ]   2.3% 参加ユーザーをインポートしています...
    (2/43) [          ]   4.7% 参加ユーザーをインポートしています...
    (3/43) [          ]   7.0% 参加ユーザーをインポートしています...
    (4/43) [          ]   9.3% 参加ユーザーをインポートしています...
    (5/43) [#         ]  11.6% 参加ユーザーをインポートしています...
    (6/43) [#         ]  14.0% 参加ユーザーをインポートしています...
    (7/43) [#         ]  16.3% 参加ユーザーをインポートしています...
    (8/43) [#         ]  18.6% 参加ユーザーをインポートしています...
    (9/43) [##        ]  20.9% 参加ユーザーをインポートしています...
   (10/43) [##        ]  23.3% 参加ユーザーをインポートしています...
   (11/43) [##        ]  25.6% 参加ユーザーをインポートしています...
   (12/43) [##        ]  27.9% 参加ユーザーをインポートしています...
   (13/43) [###       ]  30.2% 参加ユーザーをインポートしています...
   (14/43) [###       ]  32.6% 参加ユーザーをインポートしています...
   (15/43) [###       ]  34.9% 参加ユーザーをインポートしています...
   (16/43) [###       ]  37.2% 参加ユーザーをインポートしています...
   (17/43) [###       ]  39.5% 参加ユーザーをインポートしています...
   (18/43) [####      ]  41.9% 参加ユーザーをインポートしています...
   (19/43) [####      ]  44.2% 参加ユーザーをインポートしています...
   (20/43) [####      ]  46.5% 参加ユーザーをインポートしています...
   (21/43) [####      ]  48.8% 参加ユーザーをインポートしています...
   (22/43) [#####     ]  51.2% 参加ユーザーをインポートしています...
   (23/43) [#####     ]  53.5% 参加ユーザーをインポートしています...
   (24/43) [#####     ]  55.8% 参加ユーザーをインポートしています...
   (25/43) [#####     ]  58.1% 参加ユーザーをインポートしています...
   (26/43) [######    ]  60.5% 参加ユーザーをインポートしています...
   (27/43) [######    ]  62.8% 参加ユーザーをインポートしています...
   (28/43) [######    ]  65.1% 参加ユーザーをインポートしています...
   (29/43) [######    ]  67.4% 参加ユーザーをインポートしています...
   (30/43) [######    ]  69.8% 参加ユーザーをインポートしています...
   (31/43) [#######   ]  72.1% 参加ユーザーをインポートしています...
   (32/43) [#######   ]  74.4% 参加ユーザーをインポートしています...
   (33/43) [#######   ]  76.7% 参加ユーザーをインポートしています...
   (34/43) [#######   ]  79.1% 参加ユーザーをインポートしています...
   (35/43) [########  ]  81.4% 参加ユーザーをインポートしています...
   (36/43) [########  ]  83.7% 参加ユーザーをインポートしています...
   (37/43) [########  ]  86.0% 参加ユーザーをインポートしています...
   (38/43) [########  ]  88.4% 参加ユーザーをインポートしています...
   (39/43) [######### ]  90.7% 参加ユーザーをインポートしています...
   (40/43) [######### ]  93.0% 参加ユーザーをインポートしています...
   (41/43) [######### ]  95.3% 参加ユーザーをインポートしています...
   (42/43) [######### ]  97.7% 参加ユーザーをインポートしています...
   (43/43) [##########] 100.0% 参加ユーザーをインポートしました。

    (1/18) [          ]   5.6% Wikiをインポートしています...
    (2/18) [#         ]  11.1% Wikiをインポートしています...
    (3/18) [#         ]  16.7% Wikiをインポートしています...
    (4/18) [##        ]  22.2% Wikiをインポートしています...
    (5/18) [##        ]  27.8% Wikiをインポートしています...
    (6/18) [###       ]  33.3% Wikiをインポートしています...
    (7/18) [###       ]  38.9% Wikiをインポートしています...
    (8/18) [####      ]  44.4% Wikiをインポートしています...
    (9/18) [#####     ]  50.0% Wikiをインポートしています...
   (10/18) [#####     ]  55.6% Wikiをインポートしています...
   (11/18) [######    ]  61.1% Wikiをインポートしています...
   (12/18) [######    ]  66.7% Wikiをインポートしています...
   (13/18) [#######   ]  72.2% Wikiをインポートしています...
   (14/18) [#######   ]  77.8% Wikiをインポートしています...
   (15/18) [########  ]  83.3% Wikiをインポートしています...
   (16/18) [########  ]  88.9% Wikiをインポートしています...
   (17/18) [######### ]  94.4% Wikiをインポートしています...
   (18/18) [##########] 100.0% Wikiをインポートしました。

      :[m

    (1/3) [###       ]  33.3% [成功] 2018/11/20の課題をインポートしています...
--------------------------------------------------
    (1/4) [##        ]  25.0%  進行状況...(1/4)[残り時間:07:12:55]
    (2/3) [######    ]  66.7% [成功] 2018/11/20の課題をインポートしています...
--------------------------------------------------
    (2/4) [#####     ]  50.0%  進行状況...(2/4)[残り時間:00:01:05]
    (3/3) [##########] 100.0% [成功] 2018/11/20の課題をインポートしました。
--------------------------------------------------
    (3/4) [#######   ]  75.0%  進行状況...(3/4)[残り時間:00:00:24]

    (1/1) [##########] 100.0% [成功] 2022/02/11の課題をインポートしました。
--------------------------------------------------
    (4/4) [##########] 100.0%  進行状況...(4/4)[残り時間:00:00:08]
[999D[1A[2K[999D[1A[2K--------------------------------------------------
インポートが完了しました。[m

移行が正常に完了しました。
Active code page: 65001

Backlog Migration 1.7.0 (c) nulab.inc
--------------------------------------------------[m
[34m--------------------------------------------------
移行元 URL[https://psclabo.backlog.jp]
移行元 アクセスキー[l9hcUDiwNRdkSIiSv9sE4Xsghghidc97cFzp95jLJub6T2RALRDku3J0cxmVayW0]
移行元 プロジェクトキー[DM_INT]
移行先 URL[https://psoc.backlog.com]
移行先 アクセスキー[c4Es67hf5ymyLdvgdarkxBre63CoWOY8fInBGwq3SaZa6aWGw959EiVErb5B2fwC]
移行先 プロジェクトキー[DN_SSK]
フィルター[]
インポートのみ実行[false]
課題キーを一致させる[false]
エラー時の再試行回数[3]
https.proxyHost[]
https.proxyPort[]
https.proxyUser[]
https.proxyPassword[]
--------------------------------------------------
[m
[33m
--------------------------------------------------
最新バージョン[1.6.0]がリリースされています。現在のバージョンは[1.7.0]です。
--------------------------------------------------
       [m
移行元にアクセス可能かチェックしています...
移行先にアクセス可能かチェックしています...
移行元のプロジェクトを取得しています...
移行先のプロジェクトを取得しています...
管理者権限の有無をチェックしています...
プロジェクト管理者権限の有無をチェックしています...
プロジェクト[DN_SSK]は移行先Backlogに既に存在します。
プロジェクト[DN_SSK]に課題とWikiをインポートしますか？（追加インポートの仕様については、マニュアルを参照ください) (y/n [n]):ユーザーのマッピングは次のようになります。
--------------------------------------------------
- PSC武井 => k-takei
- PSC松本 羽琉 => *31ypoyG56r
- PSC荒木真人 => *6XPmFicxB8
- PSC冨田真菜 => m-tomita
- PSC北添 => m-kitazoe
- PSC高梨 => *BjcktOIviF
- PSC永倉 => k-nagakura
- PSC村松伽奈子 => k-muramatsu
- PSC戸枝 => h-toeda
- PSC高橋 拓哉 => t-takahashi
- PSC仲本 => *8bfdoV8eAu
- PSC水谷隆一郎 => r-mizutani
- PSC峯村 => j-minemura
- PSC吉田 => yuk-yoshida
- PSC木村 => s-kimura
- PSC與倉 => *rqIoIiv2cn
- PSC佐藤 優孝 => m-sato
- PSC松本梨那 => r-matsumoto
- PSC師井 => shu-moroi
- PSC北村 => *RE1O7lBtqn
- PSC劉 => ji-liu
- PSC関塚 => k-sekiduka
- PSC猪股洋一 => y-inomata
- PSC小林紗菜 => su-kobayashi
--------------------------------------------------
[m
移行を実行しますか？ (y/n [n]):
エクスポートを開始します。
--------------------------------------------------[m

    (1/18) [          ]   5.6% Wikiをエクスポートしています...
    (2/18) [#         ]  11.1% Wikiをエクスポートしています...
    (3/18) [#         ]  16.7% Wikiをエクスポートしています...
    (4/18) [##        ]  22.2% Wikiをエクスポートしています...
    (5/18) [##        ]  27.8% Wikiをエクスポートしています...
    (6/18) [###       ]  33.3% Wikiをエクスポートしています...
    (7/18) [###       ]  38.9% Wikiをエクスポートしています...
    (8/18) [####      ]  44.4% Wikiをエクスポートしています...
    (9/18) [#####     ]  50.0% Wikiをエクスポートしています...
   (10/18) [#####     ]  55.6% Wikiをエクスポートしています...
   (11/18) [######    ]  61.1% Wikiをエクスポートしています...
   (12/18) [######    ]  66.7% Wikiをエクスポートしています...
   (13/18) [#######   ]  72.2% Wikiをエクスポートしています...
   (14/18) [#######   ]  77.8% Wikiをエクスポートしています...
   (15/18) [########  ]  83.3% Wikiをエクスポートしています...
   (16/18) [########  ]  88.9% Wikiをエクスポートしています...
   (17/18) [######### ]  94.4% Wikiをエクスポートしています...
   (18/18) [##########] 100.0% Wikiをエクスポートしました。

     (1/1) [##########] 100.0% 課題情報を収集しました。

     (1/1) [##########] 100.0% 課題をエクスポートしました。
[1m参加ユーザーをエクスポートしました。[m
 [1mカスタムフィールドをエクスポートしました。[m
 [1mバージョンをエクスポートしました。[m
 [1m課題種別をエクスポートしました。[m
 [1mカテゴリーをエクスポートしました。[m
 [1m状態をエクスポートしました。[m
--------------------------------------------------
エクスポートが完了しました。[m

コンバートを開始します。
--------------------------------------------------[m
 参加ユーザーをコンバートしました。

     (1/4) [##        ]  25.0% 課題をコンバートしています...
     (2/4) [#####     ]  50.0% 課題をコンバートしています...
     (3/4) [#######   ]  75.0% 課題をコンバートしています...
     (4/4) [##########] 100.0% 課題をコンバートしました。

    (1/18) [          ]   5.6% Wikiをコンバートしています...
    (2/18) [#         ]  11.1% Wikiをコンバートしています...
    (3/18) [#         ]  16.7% Wikiをコンバートしています...
    (4/18) [##        ]  22.2% Wikiをコンバートしています...
    (5/18) [##        ]  27.8% Wikiをコンバートしています...
    (6/18) [###       ]  33.3% Wikiをコンバートしています...
    (7/18) [###       ]  38.9% Wikiをコンバートしています...
    (8/18) [####      ]  44.4% Wikiをコンバートしています...
    (9/18) [#####     ]  50.0% Wikiをコンバートしています...
   (10/18) [#####     ]  55.6% Wikiをコンバートしています...
   (11/18) [######    ]  61.1% Wikiをコンバートしています...
   (12/18) [######    ]  66.7% Wikiをコンバートしています...
   (13/18) [#######   ]  72.2% Wikiをコンバートしています...
   (14/18) [#######   ]  77.8% Wikiをコンバートしています...
   (15/18) [########  ]  83.3% Wikiをコンバートしています...
   (16/18) [########  ]  88.9% Wikiをコンバートしています...
   (17/18) [######### ]  94.4% Wikiをコンバートしています...
   (18/18) [##########] 100.0% Wikiをコンバートしました。
 プロジェクトキーをコンバートしました。
--------------------------------------------------
コンバートが完了しました。[m

インポートを開始します。
--------------------------------------------------[m

    (1/43) [          ]   2.3% 参加ユーザーをインポートしています...
    (2/43) [          ]   4.7% 参加ユーザーをインポートしています...
    (3/43) [          ]   7.0% 参加ユーザーをインポートしています...
    (4/43) [          ]   9.3% 参加ユーザーをインポートしています...
    (5/43) [#         ]  11.6% 参加ユーザーをインポートしています...
    (6/43) [#         ]  14.0% 参加ユーザーをインポートしています...
    (7/43) [#         ]  16.3% 参加ユーザーをインポートしています...
    (8/43) [#         ]  18.6% 参加ユーザーをインポートしています...
    (9/43) [##        ]  20.9% 参加ユーザーをインポートしています...
   (10/43) [##        ]  23.3% 参加ユーザーをインポートしています...
   (11/43) [##        ]  25.6% 参加ユーザーをインポートしています...
   (12/43) [##        ]  27.9% 参加ユーザーをインポートしています...
   (13/43) [###       ]  30.2% 参加ユーザーをインポートしています...
   (14/43) [###       ]  32.6% 参加ユーザーをインポートしています...
   (15/43) [###       ]  34.9% 参加ユーザーをインポートしています...
   (16/43) [###       ]  37.2% 参加ユーザーをインポートしています...
   (17/43) [###       ]  39.5% 参加ユーザーをインポートしています...
   (18/43) [####      ]  41.9% 参加ユーザーをインポートしています...
   (19/43) [####      ]  44.2% 参加ユーザーをインポートしています...
   (20/43) [####      ]  46.5% 参加ユーザーをインポートしています...
   (21/43) [####      ]  48.8% 参加ユーザーをインポートしています...
   (22/43) [#####     ]  51.2% 参加ユーザーをインポートしています...
   (23/43) [#####     ]  53.5% 参加ユーザーをインポートしています...
   (24/43) [#####     ]  55.8% 参加ユーザーをインポートしています...
   (25/43) [#####     ]  58.1% 参加ユーザーをインポートしています...
   (26/43) [######    ]  60.5% 参加ユーザーをインポートしています...
   (27/43) [######    ]  62.8% 参加ユーザーをインポートしています...
   (28/43) [######    ]  65.1% 参加ユーザーをインポートしています...
   (29/43) [######    ]  67.4% 参加ユーザーをインポートしています...
   (30/43) [######    ]  69.8% 参加ユーザーをインポートしています...
   (31/43) [#######   ]  72.1% 参加ユーザーをインポートしています...
   (32/43) [#######   ]  74.4% 参加ユーザーをインポートしています...
   (33/43) [#######   ]  76.7% 参加ユーザーをインポートしています...
   (34/43) [#######   ]  79.1% 参加ユーザーをインポートしています...
   (35/43) [########  ]  81.4% 参加ユーザーをインポートしています...
   (36/43) [########  ]  83.7% 参加ユーザーをインポートしています...
   (37/43) [########  ]  86.0% 参加ユーザーをインポートしています...
   (38/43) [########  ]  88.4% 参加ユーザーをインポートしています...
   (39/43) [######### ]  90.7% 参加ユーザーをインポートしています...
   (40/43) [######### ]  93.0% 参加ユーザーをインポートしています...
   (41/43) [######### ]  95.3% 参加ユーザーをインポートしています...
   (42/43) [######### ]  97.7% 参加ユーザーをインポートしています...
   (43/43) [##########] 100.0% 参加ユーザーをインポートしました。

     (1/1) [##########] 100.0% Wikiをインポートしました。

      :[m

    (1/3) [###       ]  33.3% [成功] 2018/11/20の課題をインポートしています...
--------------------------------------------------
    (1/4) [##        ]  25.0%  進行状況...(1/4)[残り時間:07:12:55]
    (2/3) [######    ]  66.7% [成功] 2018/11/20の課題をインポートしています...
--------------------------------------------------
    (2/4) [#####     ]  50.0%  進行状況...(2/4)[残り時間:00:00:13]
    (3/3) [##########] 100.0% [成功] 2018/11/20の課題をインポートしました。
--------------------------------------------------
    (3/4) [#######   ]  75.0%  進行状況...(3/4)[残り時間:00:00:06]

    (1/1) [##########] 100.0% [成功] 2022/02/11の課題をインポートしました。
--------------------------------------------------
    (4/4) [##########] 100.0%  進行状況...(4/4)[残り時間:00:00:02]
[999D[1A[2K[999D[1A[2K--------------------------------------------------
インポートが完了しました。[m

移行が正常に完了しました。
Active code page: 65001

Backlog Migration 1.7.0 (c) nulab.inc
--------------------------------------------------[m
[34m--------------------------------------------------
移行元 URL[https://psclabo.backlog.jp]
移行元 アクセスキー[l9hcUDiwNRdkSIiSv9sE4Xsghghidc97cFzp95jLJub6T2RALRDku3J0cxmVayW0]
移行元 プロジェクトキー[DM_INT]
移行先 URL[https://psoc.backlog.com]
移行先 アクセスキー[c4Es67hf5ymyLdvgdarkxBre63CoWOY8fInBGwq3SaZa6aWGw959EiVErb5B2fwC]
移行先 プロジェクトキー[DN_SSK]
フィルター[]
インポートのみ実行[false]
課題キーを一致させる[false]
エラー時の再試行回数[3]
https.proxyHost[]
https.proxyPort[]
https.proxyUser[]
https.proxyPassword[]
--------------------------------------------------
[m
[33m
--------------------------------------------------
最新バージョン[1.6.0]がリリースされています。現在のバージョンは[1.7.0]です。
--------------------------------------------------
       [m
移行元にアクセス可能かチェックしています...
移行先にアクセス可能かチェックしています...
移行元のプロジェクトを取得しています...
移行先のプロジェクトを取得しています...
管理者権限の有無をチェックしています...
プロジェクト管理者権限の有無をチェックしています...
プロジェクト[DN_SSK]は移行先Backlogに既に存在します。
プロジェクト[DN_SSK]に課題とWikiをインポートしますか？（追加インポートの仕様については、マニュアルを参照ください) (y/n [n]):ユーザーのマッピングは次のようになります。
--------------------------------------------------
- PSC武井 => k-takei
- PSC松本 羽琉 => *31ypoyG56r
- PSC荒木真人 => *6XPmFicxB8
- PSC冨田真菜 => m-tomita
- PSC北添 => m-kitazoe
- PSC高梨 => *BjcktOIviF
- PSC永倉 => k-nagakura
- PSC村松伽奈子 => k-muramatsu
- PSC戸枝 => h-toeda
- PSC高橋 拓哉 => t-takahashi
- PSC仲本 => *8bfdoV8eAu
- PSC水谷隆一郎 => r-mizutani
- PSC峯村 => j-minemura
- PSC吉田 => yuk-yoshida
- PSC木村 => s-kimura
- PSC與倉 => *rqIoIiv2cn
- PSC佐藤 優孝 => m-sato
- PSC松本梨那 => r-matsumoto
- PSC師井 => shu-moroi
- PSC北村 => *RE1O7lBtqn
- PSC劉 => ji-liu
- PSC関塚 => k-sekiduka
- PSC猪股洋一 => y-inomata
- PSC小林紗菜 => su-kobayashi
--------------------------------------------------
[m
移行を実行しますか？ (y/n [n]):
エクスポートを開始します。
--------------------------------------------------[m

    (1/18) [          ]   5.6% Wikiをエクスポートしています...
    (2/18) [#         ]  11.1% Wikiをエクスポートしています...
    (3/18) [#         ]  16.7% Wikiをエクスポートしています...
    (4/18) [##        ]  22.2% Wikiをエクスポートしています...
    (5/18) [##        ]  27.8% Wikiをエクスポートしています...
    (6/18) [###       ]  33.3% Wikiをエクスポートしています...
    (7/18) [###       ]  38.9% Wikiをエクスポートしています...
    (8/18) [####      ]  44.4% Wikiをエクスポートしています...
    (9/18) [#####     ]  50.0% Wikiをエクスポートしています...
   (10/18) [#####     ]  55.6% Wikiをエクスポートしています...
   (11/18) [######    ]  61.1% Wikiをエクスポートしています...
   (12/18) [######    ]  66.7% Wikiをエクスポートしています...
   (13/18) [#######   ]  72.2% Wikiをエクスポートしています...
   (14/18) [#######   ]  77.8% Wikiをエクスポートしています...
   (15/18) [########  ]  83.3% Wikiをエクスポートしています...
   (16/18) [########  ]  88.9% Wikiをエクスポートしています...
   (17/18) [######### ]  94.4% Wikiをエクスポートしています...
   (18/18) [##########] 100.0% Wikiをエクスポートしました。

     (1/1) [##########] 100.0% 課題情報を収集しました。

     (1/1) [##########] 100.0% 課題をエクスポートしました。
[1m参加ユーザーをエクスポートしました。[m
 [1mカスタムフィールドをエクスポートしました。[m
 [1mバージョンをエクスポートしました。[m
 [1m課題種別をエクスポートしました。[m
 [1mカテゴリーをエクスポートしました。[m
 [1m状態をエクスポートしました。[m
--------------------------------------------------
エクスポートが完了しました。[m

コンバートを開始します。
--------------------------------------------------[m
 参加ユーザーをコンバートしました。

     (1/4) [##        ]  25.0% 課題をコンバートしています...
     (2/4) [#####     ]  50.0% 課題をコンバートしています...
     (3/4) [#######   ]  75.0% 課題をコンバートしています...
     (4/4) [##########] 100.0% 課題をコンバートしました。

    (1/18) [          ]   5.6% Wikiをコンバートしています...
    (2/18) [#         ]  11.1% Wikiをコンバートしています...
    (3/18) [#         ]  16.7% Wikiをコンバートしています...
    (4/18) [##        ]  22.2% Wikiをコンバートしています...
    (5/18) [##        ]  27.8% Wikiをコンバートしています...
    (6/18) [###       ]  33.3% Wikiをコンバートしています...
    (7/18) [###       ]  38.9% Wikiをコンバートしています...
    (8/18) [####      ]  44.4% Wikiをコンバートしています...
    (9/18) [#####     ]  50.0% Wikiをコンバートしています...
   (10/18) [#####     ]  55.6% Wikiをコンバートしています...
   (11/18) [######    ]  61.1% Wikiをコンバートしています...
   (12/18) [######    ]  66.7% Wikiをコンバートしています...
   (13/18) [#######   ]  72.2% Wikiをコンバートしています...
   (14/18) [#######   ]  77.8% Wikiをコンバートしています...
   (15/18) [########  ]  83.3% Wikiをコンバートしています...
   (16/18) [########  ]  88.9% Wikiをコンバートしています...
   (17/18) [######### ]  94.4% Wikiをコンバートしています...
   (18/18) [##########] 100.0% Wikiをコンバートしました。
 プロジェクトキーをコンバートしました。
--------------------------------------------------
コンバートが完了しました。[m

インポートを開始します。
--------------------------------------------------[m

    (1/43) [          ]   2.3% 参加ユーザーをインポートしています...
    (2/43) [          ]   4.7% 参加ユーザーをインポートしています...
    (3/43) [          ]   7.0% 参加ユーザーをインポートしています...
    (4/43) [          ]   9.3% 参加ユーザーをインポートしています...
    (5/43) [#         ]  11.6% 参加ユーザーをインポートしています...
    (6/43) [#         ]  14.0% 参加ユーザーをインポートしています...
    (7/43) [#         ]  16.3% 参加ユーザーをインポートしています...
    (8/43) [#         ]  18.6% 参加ユーザーをインポートしています...
    (9/43) [##        ]  20.9% 参加ユーザーをインポートしています...
   (10/43) [##        ]  23.3% 参加ユーザーをインポートしています...
   (11/43) [##        ]  25.6% 参加ユーザーをインポートしています...
   (12/43) [##        ]  27.9% 参加ユーザーをインポートしています...
   (13/43) [###       ]  30.2% 参加ユーザーをインポートしています...
   (14/43) [###       ]  32.6% 参加ユーザーをインポートしています...
   (15/43) [###       ]  34.9% 参加ユーザーをインポートしています...
   (16/43) [###       ]  37.2% 参加ユーザーをインポートしています...
   (17/43) [###       ]  39.5% 参加ユーザーをインポートしています...
   (18/43) [####      ]  41.9% 参加ユーザーをインポートしています...
   (19/43) [####      ]  44.2% 参加ユーザーをインポートしています...
   (20/43) [####      ]  46.5% 参加ユーザーをインポートしています...
   (21/43) [####      ]  48.8% 参加ユーザーをインポートしています...
   (22/43) [#####     ]  51.2% 参加ユーザーをインポートしています...
   (23/43) [#####     ]  53.5% 参加ユーザーをインポートしています...
   (24/43) [#####     ]  55.8% 参加ユーザーをインポートしています...
   (25/43) [#####     ]  58.1% 参加ユーザーをインポートしています...
   (26/43) [######    ]  60.5% 参加ユーザーをインポートしています...
   (27/43) [######    ]  62.8% 参加ユーザーをインポートしています...
   (28/43) [######    ]  65.1% 参加ユーザーをインポートしています...
   (29/43) [######    ]  67.4% 参加ユーザーをインポートしています...
   (30/43) [######    ]  69.8% 参加ユーザーをインポートしています...
   (31/43) [#######   ]  72.1% 参加ユーザーをインポートしています...
   (32/43) [#######   ]  74.4% 参加ユーザーをインポートしています...
   (33/43) [#######   ]  76.7% 参加ユーザーをインポートしています...
   (34/43) [#######   ]  79.1% 参加ユーザーをインポートしています...
   (35/43) [########  ]  81.4% 参加ユーザーをインポートしています...
   (36/43) [########  ]  83.7% 参加ユーザーをインポートしています...
   (37/43) [########  ]  86.0% 参加ユーザーをインポートしています...
   (38/43) [########  ]  88.4% 参加ユーザーをインポートしています...
   (39/43) [######### ]  90.7% 参加ユーザーをインポートしています...
   (40/43) [######### ]  93.0% 参加ユーザーをインポートしています...
   (41/43) [######### ]  95.3% 参加ユーザーをインポートしています...
   (42/43) [######### ]  97.7% 参加ユーザーをインポートしています...
   (43/43) [##########] 100.0% 参加ユーザーをインポートしました。

     (1/1) [##########] 100.0% Wikiをインポートしました。

      :[m

    (1/3) [###       ]  33.3% [成功] 2018/11/20の課題をインポートしています...
--------------------------------------------------
    (1/4) [##        ]  25.0%  進行状況...(1/4)[残り時間:07:12:55]
    (2/3) [######    ]  66.7% [成功] 2018/11/20の課題をインポートしています...
--------------------------------------------------
    (2/4) [#####     ]  50.0%  進行状況...(2/4)[残り時間:00:00:13]
    (3/3) [##########] 100.0% [成功] 2018/11/20の課題をインポートしました。
--------------------------------------------------
    (3/4) [#######   ]  75.0%  進行状況...(3/4)[残り時間:00:00:07]

    (1/1) [##########] 100.0% [成功] 2022/02/11の課題をインポートしました。
--------------------------------------------------
    (4/4) [##########] 100.0%  進行状況...(4/4)[残り時間:00:00:02]
[999D[1A[2K[999D[1A[2K--------------------------------------------------
インポートが完了しました。[m

移行が正常に完了しました。
Active code page: 65001

Backlog Migration 1.7.0 (c) nulab.inc
--------------------------------------------------[m
[34m--------------------------------------------------
移行元 URL[https://psclabo.backlog.jp]
移行元 アクセスキー[l9hcUDiwNRdkSIiSv9sE4Xsghghidc97cFzp95jLJub6T2RALRDku3J0cxmVayW0]
移行元 プロジェクトキー[DM_INT]
移行先 URL[https://psoc.backlog.com]
移行先 アクセスキー[c4Es67hf5ymyLdvgdarkxBre63CoWOY8fInBGwq3SaZa6aWGw959EiVErb5B2fwC]
移行先 プロジェクトキー[DN_SSK]
フィルター[]
インポートのみ実行[false]
課題キーを一致させる[false]
エラー時の再試行回数[3]
https.proxyHost[]
https.proxyPort[]
https.proxyUser[]
https.proxyPassword[]
--------------------------------------------------
[m
[33m
--------------------------------------------------
最新バージョン[1.6.0]がリリースされています。現在のバージョンは[1.7.0]です。
--------------------------------------------------
       [m
移行元にアクセス可能かチェックしています...
移行先にアクセス可能かチェックしています...
移行元のプロジェクトを取得しています...
移行先のプロジェクトを取得しています...
管理者権限の有無をチェックしています...
プロジェクト管理者権限の有無をチェックしています...
プロジェクト[DN_SSK]は移行先Backlogに既に存在します。
プロジェクト[DN_SSK]に課題とWikiをインポートしますか？（追加インポートの仕様については、マニュアルを参照ください) (y/n [n]):ユーザーのマッピングは次のようになります。
--------------------------------------------------
- PSC武井 => k-takei
- PSC松本 羽琉 => *31ypoyG56r
- PSC荒木真人 => *6XPmFicxB8
- PSC冨田真菜 => m-tomita
- PSC北添 => m-kitazoe
- PSC高梨 => *BjcktOIviF
- PSC永倉 => k-nagakura
- PSC村松伽奈子 => k-muramatsu
- PSC戸枝 => h-toeda
- PSC高橋 拓哉 => t-takahashi
- PSC仲本 => *8bfdoV8eAu
- PSC水谷隆一郎 => r-mizutani
- PSC峯村 => j-minemura
- PSC吉田 => yuk-yoshida
- PSC木村 => s-kimura
- PSC與倉 => *rqIoIiv2cn
- PSC佐藤 優孝 => m-sato
- PSC松本梨那 => r-matsumoto
- PSC師井 => shu-moroi
- PSC北村 => *RE1O7lBtqn
- PSC劉 => ji-liu
- PSC関塚 => k-sekiduka
- PSC猪股洋一 => y-inomata
- PSC小林紗菜 => su-kobayashi
--------------------------------------------------
[m
移行を実行しますか？ (y/n [n]):
エクスポートを開始します。
--------------------------------------------------[m

    (1/18) [          ]   5.6% Wikiをエクスポートしています...
    (2/18) [#         ]  11.1% Wikiをエクスポートしています...
    (3/18) [#         ]  16.7% Wikiをエクスポートしています...
    (4/18) [##        ]  22.2% Wikiをエクスポートしています...
    (5/18) [##        ]  27.8% Wikiをエクスポートしています...
    (6/18) [###       ]  33.3% Wikiをエクスポートしています...
    (7/18) [###       ]  38.9% Wikiをエクスポートしています...
    (8/18) [####      ]  44.4% Wikiをエクスポートしています...
    (9/18) [#####     ]  50.0% Wikiをエクスポートしています...
   (10/18) [#####     ]  55.6% Wikiをエクスポートしています...
   (11/18) [######    ]  61.1% Wikiをエクスポートしています...
   (12/18) [######    ]  66.7% Wikiをエクスポートしています...
   (13/18) [#######   ]  72.2% Wikiをエクスポートしています...
   (14/18) [#######   ]  77.8% Wikiをエクスポートしています...
   (15/18) [########  ]  83.3% Wikiをエクスポートしています...
   (16/18) [########  ]  88.9% Wikiをエクスポートしています...
   (17/18) [######### ]  94.4% Wikiをエクスポートしています...
   (18/18) [##########] 100.0% Wikiをエクスポートしました。

     (1/1) [##########] 100.0% 課題情報を収集しました。

     (1/1) [##########] 100.0% 課題をエクスポートしました。
[1m参加ユーザーをエクスポートしました。[m
 [1mカスタムフィールドをエクスポートしました。[m
 [1mバージョンをエクスポートしました。[m
 [1m課題種別をエクスポートしました。[m
 [1mカテゴリーをエクスポートしました。[m
 [1m状態をエクスポートしました。[m
--------------------------------------------------
エクスポートが完了しました。[m

コンバートを開始します。
--------------------------------------------------[m
 参加ユーザーをコンバートしました。

     (1/4) [##        ]  25.0% 課題をコンバートしています...
     (2/4) [#####     ]  50.0% 課題をコンバートしています...
     (3/4) [#######   ]  75.0% 課題をコンバートしています...
     (4/4) [##########] 100.0% 課題をコンバートしました。

    (1/18) [          ]   5.6% Wikiをコンバートしています...
    (2/18) [#         ]  11.1% Wikiをコンバートしています...
    (3/18) [#         ]  16.7% Wikiをコンバートしています...
    (4/18) [##        ]  22.2% Wikiをコンバートしています...
    (5/18) [##        ]  27.8% Wikiをコンバートしています...
    (6/18) [###       ]  33.3% Wikiをコンバートしています...
    (7/18) [###       ]  38.9% Wikiをコンバートしています...
    (8/18) [####      ]  44.4% Wikiをコンバートしています...
    (9/18) [#####     ]  50.0% Wikiをコンバートしています...
   (10/18) [#####     ]  55.6% Wikiをコンバートしています...
   (11/18) [######    ]  61.1% Wikiをコンバートしています...
   (12/18) [######    ]  66.7% Wikiをコンバートしています...
   (13/18) [#######   ]  72.2% Wikiをコンバートしています...
   (14/18) [#######   ]  77.8% Wikiをコンバートしています...
   (15/18) [########  ]  83.3% Wikiをコンバートしています...
   (16/18) [########  ]  88.9% Wikiをコンバートしています...
   (17/18) [######### ]  94.4% Wikiをコンバートしています...
   (18/18) [##########] 100.0% Wikiをコンバートしました。
 プロジェクトキーをコンバートしました。
--------------------------------------------------
コンバートが完了しました。[m

インポートを開始します。
--------------------------------------------------[m

    (1/43) [          ]   2.3% 参加ユーザーをインポートしています...
    (2/43) [          ]   4.7% 参加ユーザーをインポートしています...
    (3/43) [          ]   7.0% 参加ユーザーをインポートしています...
    (4/43) [          ]   9.3% 参加ユーザーをインポートしています...
    (5/43) [#         ]  11.6% 参加ユーザーをインポートしています...
    (6/43) [#         ]  14.0% 参加ユーザーをインポートしています...
    (7/43) [#         ]  16.3% 参加ユーザーをインポートしています...
    (8/43) [#         ]  18.6% 参加ユーザーをインポートしています...
    (9/43) [##        ]  20.9% 参加ユーザーをインポートしています...
   (10/43) [##        ]  23.3% 参加ユーザーをインポートしています...
   (11/43) [##        ]  25.6% 参加ユーザーをインポートしています...
   (12/43) [##        ]  27.9% 参加ユーザーをインポートしています...
   (13/43) [###       ]  30.2% 参加ユーザーをインポートしています...
   (14/43) [###       ]  32.6% 参加ユーザーをインポートしています...
   (15/43) [###       ]  34.9% 参加ユーザーをインポートしています...
   (16/43) [###       ]  37.2% 参加ユーザーをインポートしています...
   (17/43) [###       ]  39.5% 参加ユーザーをインポートしています...
   (18/43) [####      ]  41.9% 参加ユーザーをインポートしています...
   (19/43) [####      ]  44.2% 参加ユーザーをインポートしています...
   (20/43) [####      ]  46.5% 参加ユーザーをインポートしています...
   (21/43) [####      ]  48.8% 参加ユーザーをインポートしています...
   (22/43) [#####     ]  51.2% 参加ユーザーをインポートしています...
   (23/43) [#####     ]  53.5% 参加ユーザーをインポートしています...
   (24/43) [#####     ]  55.8% 参加ユーザーをインポートしています...
   (25/43) [#####     ]  58.1% 参加ユーザーをインポートしています...
   (26/43) [######    ]  60.5% 参加ユーザーをインポートしています...
   (27/43) [######    ]  62.8% 参加ユーザーをインポートしています...
   (28/43) [######    ]  65.1% 参加ユーザーをインポートしています...
   (29/43) [######    ]  67.4% 参加ユーザーをインポートしています...
   (30/43) [######    ]  69.8% 参加ユーザーをインポートしています...
   (31/43) [#######   ]  72.1% 参加ユーザーをインポートしています...
   (32/43) [#######   ]  74.4% 参加ユーザーをインポートしています...
   (33/43) [#######   ]  76.7% 参加ユーザーをインポートしています...
   (34/43) [#######   ]  79.1% 参加ユーザーをインポートしています...
   (35/43) [########  ]  81.4% 参加ユーザーをインポートしています...
   (36/43) [########  ]  83.7% 参加ユーザーをインポートしています...
   (37/43) [########  ]  86.0% 参加ユーザーをインポートしています...
   (38/43) [########  ]  88.4% 参加ユーザーをインポートしています...
   (39/43) [######### ]  90.7% 参加ユーザーをインポートしています...
   (40/43) [######### ]  93.0% 参加ユーザーをインポートしています...
   (41/43) [######### ]  95.3% 参加ユーザーをインポートしています...
   (42/43) [######### ]  97.7% 参加ユーザーをインポートしています...
   (43/43) [##########] 100.0% 参加ユーザーをインポートしました。

     (1/1) [##########] 100.0% Wikiをインポートしました。

      :[m

    (1/3) [###       ]  33.3% [成功] 2018/11/20の課題をインポートしています...
--------------------------------------------------
    (1/4) [##        ]  25.0%  進行状況...(1/4)[残り時間:07:12:55]
    (2/3) [######    ]  66.7% [成功] 2018/11/20の課題をインポートしています...
--------------------------------------------------
    (2/4) [#####     ]  50.0%  進行状況...(2/4)[残り時間:00:00:11]
    (3/3) [##########] 100.0% [成功] 2018/11/20の課題をインポートしました。
--------------------------------------------------
    (3/4) [#######   ]  75.0%  進行状況...(3/4)[残り時間:00:00:05]

    (1/1) [##########] 100.0% [成功] 2022/02/11の課題をインポートしました。
--------------------------------------------------
    (4/4) [##########] 100.0%  進行状況...(4/4)[残り時間:00:00:02]
[999D[1A[2K[999D[1A[2K--------------------------------------------------
インポートが完了しました。[m

移行が正常に完了しました。
